Using pre-set license
Built from '6000.0/staging' branch; Version is '6000.0.40f1 (157d81624ddf) revision 1408385'; Using compiler version '193933523'; Build Type 'Release'
OS: 'Windows 10  (10.0.19045) 64bit Professional' Language: 'pl' Physical Memory: 16316 MB
BatchMode: 1, IsHumanControllingUs: 0, StartBugReporterOnCrash: 0, Is64bit: 1, IsPro: 1

COMMAND LINE ARGUMENTS:
C:\Program Files\Unity\Hub\Editor\6000.0.40f1\Editor\Unity.exe
-adb2
-batchMode
-noUpm
-name
AssetImportWorker9
-projectPath
C:/Users/student/Desktop/VR-ProgGier-KWKW-2025/TrapPiraci-2025-KWKW
-logFile
Logs/AssetImportWorker9.log
-srvPort
50149
-job-worker-count
5
-background-job-worker-count
8
-gc-helper-count
1
Successfully changed project path to: C:/Users/student/Desktop/VR-ProgGier-KWKW-2025/TrapPiraci-2025-KWKW
C:/Users/student/Desktop/VR-ProgGier-KWKW-2025/TrapPiraci-2025-KWKW
[UnityMemory] Configuration Parameters - Can be set up in boot.config
    "memorysetup-bucket-allocator-granularity=16"
    "memorysetup-bucket-allocator-bucket-count=8"
    "memorysetup-bucket-allocator-block-size=33554432"
    "memorysetup-bucket-allocator-block-count=8"
    "memorysetup-main-allocator-block-size=16777216"
    "memorysetup-thread-allocator-block-size=16777216"
    "memorysetup-gfx-main-allocator-block-size=16777216"
    "memorysetup-gfx-thread-allocator-block-size=16777216"
    "memorysetup-cache-allocator-block-size=4194304"
    "memorysetup-typetree-allocator-block-size=2097152"
    "memorysetup-profiler-bucket-allocator-granularity=16"
    "memorysetup-profiler-bucket-allocator-bucket-count=8"
    "memorysetup-profiler-bucket-allocator-block-size=33554432"
    "memorysetup-profiler-bucket-allocator-block-count=8"
    "memorysetup-profiler-allocator-block-size=16777216"
    "memorysetup-profiler-editor-allocator-block-size=1048576"
    "memorysetup-temp-allocator-size-main=16777216"
    "memorysetup-job-temp-allocator-block-size=2097152"
    "memorysetup-job-temp-allocator-block-size-background=1048576"
    "memorysetup-job-temp-allocator-reduction-small-platforms=262144"
    "memorysetup-allocator-temp-initial-block-size-main=262144"
    "memorysetup-allocator-temp-initial-block-size-worker=262144"
    "memorysetup-temp-allocator-size-background-worker=32768"
    "memorysetup-temp-allocator-size-job-worker=262144"
    "memorysetup-temp-allocator-size-preload-manager=33554432"
    "memorysetup-temp-allocator-size-nav-mesh-worker=65536"
    "memorysetup-temp-allocator-size-audio-worker=65536"
    "memorysetup-temp-allocator-size-cloud-worker=32768"
    "memorysetup-temp-allocator-size-gi-baking-worker=262144"
    "memorysetup-temp-allocator-size-gi-baking-worker=262144"
    "memorysetup-temp-allocator-size-gi-baking-worker=262144"
    "memorysetup-temp-allocator-size-gi-baking-worker=262144"
    "memorysetup-temp-allocator-size-gi-baking-worker=262144"
    "memorysetup-temp-allocator-size-gfx=262144"
Player connection [18228]  Target information:

Player connection [18228]  * "[IP] 192.168.100.142 [Port] 0 [Flags] 2 [Guid] 2328231256 [EditorId] 2328231256 [Version] 1048832 [Id] WindowsEditor(7,DESKTOP-HICRFO9) [Debug] 1 [PackageName] WindowsEditor [ProjectName] Editor" 

Player connection [18228] Host joined multi-casting on [225.0.0.222:54997]...
Player connection [18228] Host joined alternative multi-casting on [225.0.0.222:34997]...
JobSystem: Creating JobQueue using job-worker-count value 5
Input System module state changed to: Initialized.
[Physics::Module] Initialized fallback backend.
[Physics::Module] Id: 0xdecafbad
Library Redirect Path: Library/
[Physics::Module] Selected backend.
[Physics::Module] Name: PhysX
[Physics::Module] Id: 0xf2b8ea05
[Physics::Module] SDK Version: 4.1.2
[Physics::Module] Integration Version: 1.0.0
[Physics::Module] Threading Mode: Multi-Threaded
Refreshing native plugins compatible for Editor in 30.77 ms, found 12 plugins.
Preloading 0 native plugins for Editor in 0.00 ms.
Initialize engine version: 6000.0.40f1 (157d81624ddf)
[Subsystems] Discovering subsystems at path C:/Program Files/Unity/Hub/Editor/6000.0.40f1/Editor/Data/Resources/UnitySubsystems
[Subsystems] Discovering subsystems at path C:/Users/student/Desktop/VR-ProgGier-KWKW-2025/TrapPiraci-2025-KWKW/Assets
GfxDevice: creating device client; kGfxThreadingModeNonThreaded
Direct3D:
    Version:  Direct3D 11.0 [level 11.1]
    Renderer: NVIDIA GeForce GTX 1660 (ID=0x2184)
    Vendor:   NVIDIA
    VRAM:     5966 MB
    Driver:   32.0.15.6094
Initialize mono
Mono path[0] = 'C:/Program Files/Unity/Hub/Editor/6000.0.40f1/Editor/Data/Managed'
Mono path[1] = 'C:/Program Files/Unity/Hub/Editor/6000.0.40f1/Editor/Data/MonoBleedingEdge/lib/mono/unityjit-win32'
Mono config path = 'C:/Program Files/Unity/Hub/Editor/6000.0.40f1/Editor/Data/MonoBleedingEdge/etc'
Using monoOptions --debugger-agent=transport=dt_socket,embedding=1,server=y,suspend=n,address=127.0.0.1:56124
Begin MonoManager ReloadAssembly
Registering precompiled unity dll's ...
Register platform support module: C:/Program Files/Unity/Hub/Editor/6000.0.40f1/Editor/Data/PlaybackEngines/WindowsStandaloneSupport/UnityEditor.WindowsStandalone.Extensions.dll
Registered in 0.006686 seconds.
- Loaded All Assemblies, in  1.605 seconds
Native extension for WindowsStandalone target not found
Mono: successfully reloaded assembly
- Finished resetting the current domain, in  1.363 seconds
Domain Reload Profiling: 2957ms
	BeginReloadAssembly (607ms)
		ExecutionOrderSort (0ms)
		DisableScriptedObjects (0ms)
		BackupInstance (0ms)
		ReleaseScriptingObjects (0ms)
		CreateAndSetChildDomain (3ms)
	RebuildCommonClasses (93ms)
	RebuildNativeTypeToScriptingClass (34ms)
	initialDomainReloadingComplete (237ms)
	LoadAllAssembliesAndSetupDomain (622ms)
		LoadAssemblies (591ms)
		RebuildTransferFunctionScriptingTraits (0ms)
		AnalyzeDomain (616ms)
			TypeCache.Refresh (611ms)
				TypeCache.ScanAssembly (566ms)
			BuildScriptInfoCaches (0ms)
			ResolveRequiredComponents (1ms)
	FinalizeReload (1364ms)
		ReleaseScriptCaches (0ms)
		RebuildScriptCaches (0ms)
		SetupLoadedEditorAssemblies (1205ms)
			LogAssemblyErrors (0ms)
			InitializePlatformSupportModulesInManaged (103ms)
			SetLoadedEditorAssemblies (33ms)
			BeforeProcessingInitializeOnLoad (185ms)
			ProcessInitializeOnLoadAttributes (659ms)
			ProcessInitializeOnLoadMethodAttributes (225ms)
			AfterProcessingInitializeOnLoad (0ms)
			EditorAssembliesLoaded (0ms)
		ExecutionOrderSort2 (0ms)
		AwakeInstancesAfterBackupRestoration (0ms)
========================================================================
Worker process is ready to serve import requests
Import Worker Mode flag is 0x00
Begin MonoManager ReloadAssembly
- Loaded All Assemblies, in  2.340 seconds
'Packages/com.unity.xr.openxr/Runtime/OpenXRLoader.cs' contains partial class of Unity.Object, exactly 1 of the partial classes needs to be in a file with the same filename. This is to know the one that can be referenced from ie. GameObjects
'Packages/com.unity.xr.openxr/Runtime/OpenXRLoaderInternal.cs' contains partial class of Unity.Object, exactly 1 of the partial classes needs to be in a file with the same filename. This is to know the one that can be referenced from ie. GameObjects
Refreshing native plugins compatible for Editor in 40.58 ms, found 12 plugins.
Native extension for WindowsStandalone target not found
Package Manager log level set to [2]
[Package Manager] Failed to launch server process. Reason: Unity was launched with the -noUpm command-line argument
[Package Manager] Unable to send message (not connected to server process).
[Package Manager] Cannot connect to Unity Package Manager local server
Refreshing native plugins compatible for Editor in 29.06 ms, found 12 plugins.
Mono: successfully reloaded assembly
[Package Manager] Failed to launch server process. Reason: Unity was launched with the -noUpm command-line argument
[Package Manager] Unable to send message (not connected to server process).
[Package Manager] Cannot connect to Unity Package Manager local server
[Package Manager] Failed to launch server process. Reason: Unity was launched with the -noUpm command-line argument
[Package Manager] Unable to send message (not connected to server process).
[Package Manager] Cannot connect to Unity Package Manager local server
- Finished resetting the current domain, in  2.086 seconds
Domain Reload Profiling: 4402ms
	BeginReloadAssembly (462ms)
		ExecutionOrderSort (0ms)
		DisableScriptedObjects (14ms)
		BackupInstance (0ms)
		ReleaseScriptingObjects (0ms)
		CreateAndSetChildDomain (91ms)
	RebuildCommonClasses (121ms)
	RebuildNativeTypeToScriptingClass (29ms)
	initialDomainReloadingComplete (136ms)
	LoadAllAssembliesAndSetupDomain (1568ms)
		LoadAssemblies (1100ms)
		RebuildTransferFunctionScriptingTraits (0ms)
		AnalyzeDomain (735ms)
			TypeCache.Refresh (545ms)
				TypeCache.ScanAssembly (504ms)
			BuildScriptInfoCaches (152ms)
			ResolveRequiredComponents (32ms)
	FinalizeReload (2086ms)
		ReleaseScriptCaches (0ms)
		RebuildScriptCaches (0ms)
		SetupLoadedEditorAssemblies (1589ms)
			LogAssemblyErrors (0ms)
			InitializePlatformSupportModulesInManaged (13ms)
			SetLoadedEditorAssemblies (9ms)
			BeforeProcessingInitializeOnLoad (341ms)
			ProcessInitializeOnLoadAttributes (880ms)
			ProcessInitializeOnLoadMethodAttributes (322ms)
			AfterProcessingInitializeOnLoad (23ms)
			EditorAssembliesLoaded (0ms)
		ExecutionOrderSort2 (0ms)
		AwakeInstancesAfterBackupRestoration (16ms)
Launched and connected shader compiler UnityShaderCompiler.exe after 0.11 seconds
Refreshing native plugins compatible for Editor in 40.84 ms, found 12 plugins.
Preloading 0 native plugins for Editor in 0.00 ms.
Unloading 212 Unused Serialized files (Serialized files now loaded: 0)
Unloading 6576 unused Assets / (3.6 MB). Loaded Objects now: 7243.
Memory consumption went from 162.8 MB to 159.1 MB.
Total: 24.724600 ms (FindLiveObjects: 1.252600 ms CreateObjectMapping: 2.142000 ms MarkObjects: 10.110300 ms  DeleteObjects: 11.217600 ms)

========================================================================
Received Import Request.
  Time since last request: 2067.482833 seconds.
  path: Assets/SteamVR/Scripts/SteamVR_PlayArea.cs
  artifactKey: Guid(1f0522eaef74d984591c060d05a095c8) Importer(2089858483,192608db42251d675da83286b1cce702)
Start importing Assets/SteamVR/Scripts/SteamVR_PlayArea.cs using Guid(1f0522eaef74d984591c060d05a095c8) Importer(2089858483,192608db42251d675da83286b1cce702) (ScriptedImporter) -> (artifact id: '4346d67a1dc80a7d6664afab7094ef70') in 0.6130135 seconds
Number of updated asset objects reloaded before import = 0Number of asset objects unloaded after import = 0

========================================================================
Received Import Request.
  Time since last request: 0.000029 seconds.
  path: Assets/SteamVR/InteractionSystem/Longbow/Sounds/LongbowPullBack09.wav
  artifactKey: Guid(a8aded2ee3b41f04eaad3a7b9f35e37f) Importer(2089858483,192608db42251d675da83286b1cce702)
Start importing Assets/SteamVR/InteractionSystem/Longbow/Sounds/LongbowPullBack09.wav using Guid(a8aded2ee3b41f04eaad3a7b9f35e37f) Importer(2089858483,192608db42251d675da83286b1cce702) (ScriptedImporter) -> (artifact id: '5a97a54f01280de214dcf0d47b0efeca') in 0.1573123 seconds
Number of updated asset objects reloaded before import = 0Number of asset objects unloaded after import = 1

========================================================================
Received Import Request.
  Time since last request: 0.000056 seconds.
  path: Assets/SteamVR/Resources/SteamVR_ExternalCamera.prefab
  artifactKey: Guid(6b259143c09ffc447ad059e5b8d8cf89) Importer(2089858483,192608db42251d675da83286b1cce702)
Start importing Assets/SteamVR/Resources/SteamVR_ExternalCamera.prefab using Guid(6b259143c09ffc447ad059e5b8d8cf89) Importer(2089858483,192608db42251d675da83286b1cce702) (ScriptedImporter) -> (artifact id: '33f4afbe91e3e4f6b81b4ba892ff4245') in 0.0431887 seconds
Number of updated asset objects reloaded before import = 0Number of asset objects unloaded after import = 7

========================================================================
Received Import Request.
  Time since last request: 0.000026 seconds.
  path: Assets/SteamVR/InteractionSystem/Samples/Prefabs/ThrowableCube.prefab
  artifactKey: Guid(fb710a001890d9a44bb74a8ce4f20cc0) Importer(2089858483,3d70f49cd1c2eb9ae422958d1c652c6b)
Start importing Assets/SteamVR/InteractionSystem/Samples/Prefabs/ThrowableCube.prefab using Guid(fb710a001890d9a44bb74a8ce4f20cc0) Importer(2089858483,3d70f49cd1c2eb9ae422958d1c652c6b) (ScriptedImporter) -> (artifact id: 'e9b6e8ddbd8b2892e93a7232552222da') in 0.1982946 seconds
Number of updated asset objects reloaded before import = 0Number of asset objects unloaded after import = 118

========================================================================
Received Import Request.
  Time since last request: 0.000035 seconds.
  path: Assets/SteamVR/InteractionSystem/Samples/Models/Table.prefab
  artifactKey: Guid(f11886bad7ca13742ba0be955318d952) Importer(2089858483,3d70f49cd1c2eb9ae422958d1c652c6b)
Start importing Assets/SteamVR/InteractionSystem/Samples/Models/Table.prefab using Guid(f11886bad7ca13742ba0be955318d952) Importer(2089858483,3d70f49cd1c2eb9ae422958d1c652c6b) (ScriptedImporter) -> (artifact id: 'd54b2f2897b3f8d6d3117ee0958234ea') in 0.0289888 seconds
Number of updated asset objects reloaded before import = 0Number of asset objects unloaded after import = 9

========================================================================
Received Import Request.
  Time since last request: 0.000037 seconds.
  path: Assets/SteamVR/InteractionSystem/Samples/BuggyBuddy/Lightcone.fbx
  artifactKey: Guid(43c6bdf072a75974186a41645b0aaca5) Importer(2089858483,192608db42251d675da83286b1cce702)
Start importing Assets/SteamVR/InteractionSystem/Samples/BuggyBuddy/Lightcone.fbx using Guid(43c6bdf072a75974186a41645b0aaca5) Importer(2089858483,192608db42251d675da83286b1cce702) (ScriptedImporter) -> (artifact id: '0dc307ffd7233447d69b03572ad9c2d8') in 0.2364843 seconds
Number of updated asset objects reloaded before import = 0Number of asset objects unloaded after import = 8

========================================================================
Received Import Request.
  Time since last request: 0.000029 seconds.
  path: Assets/SteamVR/InteractionSystem/Samples/Models/Table_Small.prefab
  artifactKey: Guid(390115dc286a84d4b82719333a0ff570) Importer(2089858483,3d70f49cd1c2eb9ae422958d1c652c6b)
Start importing Assets/SteamVR/InteractionSystem/Samples/Models/Table_Small.prefab using Guid(390115dc286a84d4b82719333a0ff570) Importer(2089858483,3d70f49cd1c2eb9ae422958d1c652c6b) (ScriptedImporter) -> (artifact id: '5c5435d953120f7e06c68eb0ca196010') in 0.033747 seconds
Number of updated asset objects reloaded before import = 0Number of asset objects unloaded after import = 9

========================================================================
Received Import Request.
  Time since last request: 0.000039 seconds.
  path: Assets/SteamVR/InteractionSystem/Poses/HappyBallPose.asset
  artifactKey: Guid(5faebc5465b41b641bf7285f25ce9ab9) Importer(2089858483,3d70f49cd1c2eb9ae422958d1c652c6b)
Start importing Assets/SteamVR/InteractionSystem/Poses/HappyBallPose.asset using Guid(5faebc5465b41b641bf7285f25ce9ab9) Importer(2089858483,3d70f49cd1c2eb9ae422958d1c652c6b) (ScriptedImporter) -> (artifact id: '7558d538b58ef02c1511795770815e32') in 0.0342454 seconds
Number of updated asset objects reloaded before import = 0Number of asset objects unloaded after import = 0

========================================================================
Received Import Request.
  Time since last request: 0.000023 seconds.
  path: Assets/SteamVR/Extras
  artifactKey: Guid(61f4796ee4f00314e8d8b1ad39a78c28) Importer(2089858483,192608db42251d675da83286b1cce702)
Start importing Assets/SteamVR/Extras using Guid(61f4796ee4f00314e8d8b1ad39a78c28) Importer(2089858483,192608db42251d675da83286b1cce702) (ScriptedImporter) -> (artifact id: 'b56d173b67b4d363778e38e14bc4ede3') in 0.022821 seconds
Number of updated asset objects reloaded before import = 0Number of asset objects unloaded after import = 1

========================================================================
Received Import Request.
  Time since last request: 0.000035 seconds.
  path: Assets/SteamVR/InteractionSystem/Longbow/Sounds/ArrowHit04.wav
  artifactKey: Guid(cef9a0102c9fe0c4fad4ebcf9ec72a45) Importer(2089858483,192608db42251d675da83286b1cce702)
Start importing Assets/SteamVR/InteractionSystem/Longbow/Sounds/ArrowHit04.wav using Guid(cef9a0102c9fe0c4fad4ebcf9ec72a45) Importer(2089858483,192608db42251d675da83286b1cce702) (ScriptedImporter) -> (artifact id: 'caa5931c7c5ca6edef6861c358865558') in 0.0674975 seconds
Number of updated asset objects reloaded before import = 0Number of asset objects unloaded after import = 1

========================================================================
Received Import Request.
  Time since last request: 0.000038 seconds.
  path: Assets/SteamVR/InteractionSystem/Core/Scripts/FallbackCameraController.cs
  artifactKey: Guid(6043f3be9a21bd74281f9770463bea00) Importer(2089858483,192608db42251d675da83286b1cce702)
Start importing Assets/SteamVR/InteractionSystem/Core/Scripts/FallbackCameraController.cs using Guid(6043f3be9a21bd74281f9770463bea00) Importer(2089858483,192608db42251d675da83286b1cce702) (ScriptedImporter) -> (artifact id: 'a7f05215f13e16e9ebbcff557af61c12') in 0.0310079 seconds
Number of updated asset objects reloaded before import = 0Number of asset objects unloaded after import = 0

========================================================================
Received Import Request.
  Time since last request: 0.000025 seconds.
  path: Assets/SteamVR/InteractionSystem/Longbow/Prefabs/LongbowOutline.prefab
  artifactKey: Guid(b9d299b8c6aa86242bec9a060f7e2d81) Importer(2089858483,192608db42251d675da83286b1cce702)
Start importing Assets/SteamVR/InteractionSystem/Longbow/Prefabs/LongbowOutline.prefab using Guid(b9d299b8c6aa86242bec9a060f7e2d81) Importer(2089858483,192608db42251d675da83286b1cce702) (ScriptedImporter) -> (artifact id: '39d6dc8e18d9f422614be5bb4885c5d5') in 0.0327542 seconds
Number of updated asset objects reloaded before import = 0Number of asset objects unloaded after import = 55

========================================================================
Received Import Request.
  Time since last request: 0.000024 seconds.
  path: Assets/SteamVR/InteractionSystem/Longbow/Materials/ArcheryTargetWeeble.mat
  artifactKey: Guid(0ae132d3c08907a4d931b3ed4debc646) Importer(2089858483,192608db42251d675da83286b1cce702)
Start importing Assets/SteamVR/InteractionSystem/Longbow/Materials/ArcheryTargetWeeble.mat using Guid(0ae132d3c08907a4d931b3ed4debc646) Importer(2089858483,192608db42251d675da83286b1cce702) (ScriptedImporter) -> (artifact id: '462db3ecdb6472ac9acaba482f8b4ca3') in 0.1010574 seconds
Number of updated asset objects reloaded before import = 0Number of asset objects unloaded after import = 2

========================================================================
Received Import Request.
  Time since last request: 0.000045 seconds.
  path: Assets/Settings/SampleSceneProfile.asset
  artifactKey: Guid(10fc4df2da32a41aaa32d77bc913491c) Importer(2089858483,3d70f49cd1c2eb9ae422958d1c652c6b)
Start importing Assets/Settings/SampleSceneProfile.asset using Guid(10fc4df2da32a41aaa32d77bc913491c) Importer(2089858483,3d70f49cd1c2eb9ae422958d1c652c6b) (ScriptedImporter) -> (artifact id: '45502581146bd3689b906cce3586ce4e') in 0.0568314 seconds
Number of updated asset objects reloaded before import = 0Number of asset objects unloaded after import = 0

========================================================================
Received Import Request.
  Time since last request: 0.000029 seconds.
  path: Assets/SteamVR/InteractionSystem/Samples/Textures/oldControllerVelocity.png
  artifactKey: Guid(1b0a81148594a0145a30fb42626127ea) Importer(2089858483,192608db42251d675da83286b1cce702)
Start importing Assets/SteamVR/InteractionSystem/Samples/Textures/oldControllerVelocity.png using Guid(1b0a81148594a0145a30fb42626127ea) Importer(2089858483,192608db42251d675da83286b1cce702) (ScriptedImporter) -> (artifact id: 'c5fcc3849cfc94fc849f51ebbaa842b9') in 0.1470561 seconds
Number of updated asset objects reloaded before import = 0Number of asset objects unloaded after import = 1

========================================================================
Received Import Request.
  Time since last request: 0.000039 seconds.
  path: Assets/SteamVR/InteractionSystem/Core/Prefabs/RightRenderModel Alien.prefab
  artifactKey: Guid(b3cb7e5f55e66cb40aea59db72c62365) Importer(2089858483,3d70f49cd1c2eb9ae422958d1c652c6b)
Start importing Assets/SteamVR/InteractionSystem/Core/Prefabs/RightRenderModel Alien.prefab using Guid(b3cb7e5f55e66cb40aea59db72c62365) Importer(2089858483,3d70f49cd1c2eb9ae422958d1c652c6b) (ScriptedImporter) -> (artifact id: 'a59a0ab4a3a33f62a542bd4d49fd44d4') in 0.077981 seconds
Number of updated asset objects reloaded before import = 0Number of asset objects unloaded after import = 142

========================================================================
Received Import Request.
  Time since last request: 0.000037 seconds.
  path: Assets/SteamVR/InteractionSystem/Core/Scripts/DestroyOnParticleSystemDeath.cs
  artifactKey: Guid(69cad530c565c714491a326c21accb90) Importer(2089858483,192608db42251d675da83286b1cce702)
Start importing Assets/SteamVR/InteractionSystem/Core/Scripts/DestroyOnParticleSystemDeath.cs using Guid(69cad530c565c714491a326c21accb90) Importer(2089858483,192608db42251d675da83286b1cce702) (ScriptedImporter) -> (artifact id: '2f95e009c0cacf1d3959fe43186db8ef') in 0.0272413 seconds
Number of updated asset objects reloaded before import = 0Number of asset objects unloaded after import = 0

========================================================================
Received Import Request.
  Time since last request: 0.000034 seconds.
  path: Assets/SteamVR/InteractionSystem/Samples/Prefabs/Buggy Controller.prefab
  artifactKey: Guid(d9803cc69067105488f4a78449f2aeec) Importer(2089858483,3d70f49cd1c2eb9ae422958d1c652c6b)
Start importing Assets/SteamVR/InteractionSystem/Samples/Prefabs/Buggy Controller.prefab using Guid(d9803cc69067105488f4a78449f2aeec) Importer(2089858483,3d70f49cd1c2eb9ae422958d1c652c6b) (ScriptedImporter) -> (artifact id: '124bb9b70d3831811e778a9406f9efb6') in 0.1202827 seconds
Number of updated asset objects reloaded before import = 0Number of asset objects unloaded after import = 87

========================================================================
Received Import Request.
  Time since last request: 0.000030 seconds.
  path: Assets/SteamVR/InteractionSystem/Samples/JoeJeff/Textures/PlatformController_PController_AlbedoTransparency.png
  artifactKey: Guid(5507e8f20e632b845b4aea2c27a0c225) Importer(2089858483,192608db42251d675da83286b1cce702)
Start importing Assets/SteamVR/InteractionSystem/Samples/JoeJeff/Textures/PlatformController_PController_AlbedoTransparency.png using Guid(5507e8f20e632b845b4aea2c27a0c225) Importer(2089858483,192608db42251d675da83286b1cce702) (ScriptedImporter) -> (artifact id: '15c255d892f44a5f13abb1abab4b3f8f') in 0.0533335 seconds
Number of updated asset objects reloaded before import = 0Number of asset objects unloaded after import = 1

========================================================================
Received Import Request.
  Time since last request: 0.000037 seconds.
  path: Assets/SteamVR/InteractionSystem/Longbow/Sounds/BalloonPop04.wav
  artifactKey: Guid(2f4d6eb6d012eea4991c7a63f81fd083) Importer(2089858483,192608db42251d675da83286b1cce702)
Start importing Assets/SteamVR/InteractionSystem/Longbow/Sounds/BalloonPop04.wav using Guid(2f4d6eb6d012eea4991c7a63f81fd083) Importer(2089858483,192608db42251d675da83286b1cce702) (ScriptedImporter) -> (artifact id: 'e1ff9b7f257dcca340b3febbeee05cfa') in 0.0605359 seconds
Number of updated asset objects reloaded before import = 0Number of asset objects unloaded after import = 1

========================================================================
Received Import Request.
  Time since last request: 0.000026 seconds.
  path: Assets/SteamVR/InteractionSystem/Teleport/Materials/TeleportAreaVisibleLow.mat
  artifactKey: Guid(5f0129f65bc822d429cfad1b63fb9db4) Importer(2089858483,192608db42251d675da83286b1cce702)
Start importing Assets/SteamVR/InteractionSystem/Teleport/Materials/TeleportAreaVisibleLow.mat using Guid(5f0129f65bc822d429cfad1b63fb9db4) Importer(2089858483,192608db42251d675da83286b1cce702) (ScriptedImporter) -> (artifact id: 'eff53047e5e085cfd99da67f7d8fe89b') in 0.0649805 seconds
Number of updated asset objects reloaded before import = 0Number of asset objects unloaded after import = 2

========================================================================
Received Import Request.
  Time since last request: 0.000027 seconds.
  path: Assets/SteamVR/InteractionSystem/Samples/Interactions_Example.unity
  artifactKey: Guid(e3b77830391f10343929883b18f4d5ae) Importer(2089858483,3d70f49cd1c2eb9ae422958d1c652c6b)
Start importing Assets/SteamVR/InteractionSystem/Samples/Interactions_Example.unity using Guid(e3b77830391f10343929883b18f4d5ae) Importer(2089858483,3d70f49cd1c2eb9ae422958d1c652c6b) (ScriptedImporter)Opening scene 'Assets/SteamVR/InteractionSystem/Samples/Interactions_Example.unity additively'
Lighting data asset ‘LightingData’ is incompatible with the current Unity version. Please use Generate Lighting to rebuild the lighting data. Realtime Global Illumination cannot be used until the lighting data is rebuilt.
UnityEngine.Debug:ExtractStackTraceNoAlloc (byte*,int,string)
UnityEngine.StackTraceUtility:ExtractStackTrace ()
UnityEditor.SceneManagement.EditorSceneManager:OpenScene (string,UnityEditor.SceneManagement.OpenSceneMode)
UnityEditor.Search.AssetIndexer:IndexScene (string,bool)
UnityEditor.Search.AssetIndexer:IndexSceneDocument (string,bool)
UnityEditor.Search.AssetIndexer:IndexDocument (string,bool)
UnityEditor.Search.SearchIndexEntryImporter:OnImportAsset (UnityEditor.AssetImporters.AssetImportContext)
UnityEditor.AssetImporters.ScriptedImporter:GenerateAssetData (UnityEditor.AssetImporters.AssetImportContext)

[C:\build\output\unity\unity\Editor\Src\GI\Enlighten\LightingDataAsset.cpp line 450]

Lighting data asset ‘LightingData’ is incompatible with the current Unity version because the scene it was baked for was not serialized. Please use Generate Lighting to rebuild the lighting data, or assign the target scene to the Lighting Data Asset in the inspector.
UnityEngine.Debug:ExtractStackTraceNoAlloc (byte*,int,string)
UnityEngine.StackTraceUtility:ExtractStackTrace ()
UnityEditor.SceneManagement.EditorSceneManager:OpenScene (string,UnityEditor.SceneManagement.OpenSceneMode)
UnityEditor.Search.AssetIndexer:IndexScene (string,bool)
UnityEditor.Search.AssetIndexer:IndexSceneDocument (string,bool)
UnityEditor.Search.AssetIndexer:IndexDocument (string,bool)
UnityEditor.Search.SearchIndexEntryImporter:OnImportAsset (UnityEditor.AssetImporters.AssetImportContext)
UnityEditor.AssetImporters.ScriptedImporter:GenerateAssetData (UnityEditor.AssetImporters.AssetImportContext)

[C:\build\output\unity\unity\Editor\Src\GI\Enlighten\LightingDataAsset.cpp line 458]

Loaded scene 'Assets/SteamVR/InteractionSystem/Samples/Interactions_Example.unity'
	Deserialize:            189.884 ms
	Integration:            770.048 ms
	Integration of assets:  21.316 ms
	Thread Wait Time:       0.024 ms
	Total Operation Time:   981.273 ms
 -> (artifact id: '946bf7e93b796881ed86b6ac4c69fca2') in 1.6524195 seconds
Number of updated asset objects reloaded before import = 0Number of asset objects unloaded after import = 2629

========================================================================
Received Import Request.
  Time since last request: 0.000048 seconds.
  path: Assets/SteamVR/InteractionSystem/Longbow/Scripts/SoundBowClick.cs
  artifactKey: Guid(dc121f192dd724945a1998a9c1f1727d) Importer(2089858483,192608db42251d675da83286b1cce702)
Start importing Assets/SteamVR/InteractionSystem/Longbow/Scripts/SoundBowClick.cs using Guid(dc121f192dd724945a1998a9c1f1727d) Importer(2089858483,192608db42251d675da83286b1cce702) (ScriptedImporter) -> (artifact id: 'b464278e3edcd2a85c8a0b4af7dcadb7') in 0.0306418 seconds
Number of updated asset objects reloaded before import = 0Number of asset objects unloaded after import = 0

========================================================================
Received Import Request.
  Time since last request: 0.000030 seconds.
  path: Assets/SteamVR/InteractionSystem/Samples/JoeJeff/Textures/JoeJeff_AlbedoTransparency.png
  artifactKey: Guid(4c2ebb3f4fad59f479171438f7b76cf4) Importer(2089858483,192608db42251d675da83286b1cce702)
Start importing Assets/SteamVR/InteractionSystem/Samples/JoeJeff/Textures/JoeJeff_AlbedoTransparency.png using Guid(4c2ebb3f4fad59f479171438f7b76cf4) Importer(2089858483,192608db42251d675da83286b1cce702) (ScriptedImporter) -> (artifact id: '18782e48fdf3bbe643bb6e7eb20da611') in 0.0382916 seconds
Number of updated asset objects reloaded before import = 0Number of asset objects unloaded after import = 1

========================================================================
Received Import Request.
  Time since last request: 0.000023 seconds.
  path: Assets/SteamVR/Input/SteamVR_Input_References.cs
  artifactKey: Guid(4d10323487cb44348b830bc017eb40b4) Importer(2089858483,192608db42251d675da83286b1cce702)
Start importing Assets/SteamVR/Input/SteamVR_Input_References.cs using Guid(4d10323487cb44348b830bc017eb40b4) Importer(2089858483,192608db42251d675da83286b1cce702) (ScriptedImporter) -> (artifact id: '7d7ee3c7fcd7bc38a921e27275cca97d') in 0.0223485 seconds
Number of updated asset objects reloaded before import = 0Number of asset objects unloaded after import = 0

========================================================================
Received Import Request.
  Time since last request: 0.000026 seconds.
  path: Assets/SteamVR/InteractionSystem/Samples/Scripts/FloppyHand.cs
  artifactKey: Guid(158d046322c150348bfed00c688d3142) Importer(2089858483,192608db42251d675da83286b1cce702)
Start importing Assets/SteamVR/InteractionSystem/Samples/Scripts/FloppyHand.cs using Guid(158d046322c150348bfed00c688d3142) Importer(2089858483,192608db42251d675da83286b1cce702) (ScriptedImporter) -> (artifact id: 'f44ecf22e81b8c42d5c153136d0fb8ff') in 0.0239767 seconds
Number of updated asset objects reloaded before import = 0Number of asset objects unloaded after import = 0

========================================================================
Received Import Request.
  Time since last request: 0.000037 seconds.
  path: Assets/IgniteCoders/Simple Water Shader/Info/Readme.asset
  artifactKey: Guid(83c2ed844a8c74b779a4c823d16594b1) Importer(2089858483,3d70f49cd1c2eb9ae422958d1c652c6b)
Start importing Assets/IgniteCoders/Simple Water Shader/Info/Readme.asset using Guid(83c2ed844a8c74b779a4c823d16594b1) Importer(2089858483,3d70f49cd1c2eb9ae422958d1c652c6b) (ScriptedImporter)Unable to parse file Assets/IgniteCoders/Simple Water Shader/Info/Readme.asset: [Parser Failure at line 29: Expect ':' between key and value within mapping]
UnityEngine.Debug:ExtractStackTraceNoAlloc (byte*,int,string)
UnityEngine.StackTraceUtility:ExtractStackTrace ()
UnityEditor.AssetDatabase:LoadMainAssetAtPath (string)
UnityEditor.Search.AssetIndexer:IndexProperties (int&,string&,bool&)
UnityEditor.Search.AssetIndexer:IndexDocument (string,bool)
UnityEditor.Search.SearchIndexEntryImporter:OnImportAsset (UnityEditor.AssetImporters.AssetImportContext)
UnityEditor.AssetImporters.ScriptedImporter:GenerateAssetData (UnityEditor.AssetImporters.AssetImportContext)

[C:\build\output\unity\unity\Runtime\Serialize\TransferFunctions\YAMLRead.cpp line 169]

 -> (artifact id: '90f1d9122241ae922a6c1029c80db28f') in 0.0259251 seconds
Number of updated asset objects reloaded before import = 0Number of asset objects unloaded after import = 0

========================================================================
Received Import Request.
  Time since last request: 0.000023 seconds.
  path: Assets/SteamVR/InteractionSystem/Samples/BuggyBuddy/UI
  artifactKey: Guid(60a692c107d3cf545ac2684f3ac985a7) Importer(2089858483,192608db42251d675da83286b1cce702)
Start importing Assets/SteamVR/InteractionSystem/Samples/BuggyBuddy/UI using Guid(60a692c107d3cf545ac2684f3ac985a7) Importer(2089858483,192608db42251d675da83286b1cce702) (ScriptedImporter) -> (artifact id: '354c98139d195e8879af0a0d96286205') in 0.0225986 seconds
Number of updated asset objects reloaded before import = 0Number of asset objects unloaded after import = 1

========================================================================
Received Import Request.
  Time since last request: 0.000027 seconds.
  path: Assets/SteamVR/InteractionSystem/Core/Scripts/ItemPackage.cs
  artifactKey: Guid(c9f83db71b9a6764abf964ab7679f035) Importer(2089858483,192608db42251d675da83286b1cce702)
Start importing Assets/SteamVR/InteractionSystem/Core/Scripts/ItemPackage.cs using Guid(c9f83db71b9a6764abf964ab7679f035) Importer(2089858483,192608db42251d675da83286b1cce702) (ScriptedImporter) -> (artifact id: 'bc741d2812adc1ee07d3024c1bac2bb3') in 0.0253518 seconds
Number of updated asset objects reloaded before import = 0Number of asset objects unloaded after import = 0

========================================================================
Received Import Request.
  Time since last request: 0.000035 seconds.
  path: Assets/SteamVR/InteractionSystem/Samples/Squishy/Squishy.fbx
  artifactKey: Guid(7b2f451dc7f3fad4f8b8342970631a0f) Importer(2089858483,192608db42251d675da83286b1cce702)
Start importing Assets/SteamVR/InteractionSystem/Samples/Squishy/Squishy.fbx using Guid(7b2f451dc7f3fad4f8b8342970631a0f) Importer(2089858483,192608db42251d675da83286b1cce702) (ScriptedImporter) -> (artifact id: '92c07ed1b459e54f3e3385f6d5008075') in 0.0763027 seconds
Number of updated asset objects reloaded before import = 0Number of asset objects unloaded after import = 9

========================================================================
Received Import Request.
  Time since last request: 0.000033 seconds.
  path: Assets/SteamVR/InteractionSystem/Longbow/Textures/ArrowMetallicSmoothness.png
  artifactKey: Guid(90891b0a7924dee4a87b2a107431c9f9) Importer(2089858483,192608db42251d675da83286b1cce702)
Start importing Assets/SteamVR/InteractionSystem/Longbow/Textures/ArrowMetallicSmoothness.png using Guid(90891b0a7924dee4a87b2a107431c9f9) Importer(2089858483,192608db42251d675da83286b1cce702) (ScriptedImporter) -> (artifact id: 'f200802b74c5f20f650a254771736e71') in 0.0417574 seconds
Number of updated asset objects reloaded before import = 0Number of asset objects unloaded after import = 1

========================================================================
Received Import Request.
  Time since last request: 0.000023 seconds.
  path: Assets/SteamVR/InteractionSystem/Samples/Grenade/SunFlare.png
  artifactKey: Guid(c173b3ec5b7c8904fa1811df75863262) Importer(2089858483,192608db42251d675da83286b1cce702)
Start importing Assets/SteamVR/InteractionSystem/Samples/Grenade/SunFlare.png using Guid(c173b3ec5b7c8904fa1811df75863262) Importer(2089858483,192608db42251d675da83286b1cce702) (ScriptedImporter) -> (artifact id: 'f6a9dc0647bc0195484b745a43777d35') in 0.0427313 seconds
Number of updated asset objects reloaded before import = 0Number of asset objects unloaded after import = 1

========================================================================
Received Import Request.
  Time since last request: 0.000030 seconds.
  path: Assets/SteamVR/Input/BehaviourUnityEvents/SteamVR_Behaviour_PoseEvent.cs
  artifactKey: Guid(d77e49c3174e18045ab27a1029c6a977) Importer(2089858483,192608db42251d675da83286b1cce702)
Start importing Assets/SteamVR/Input/BehaviourUnityEvents/SteamVR_Behaviour_PoseEvent.cs using Guid(d77e49c3174e18045ab27a1029c6a977) Importer(2089858483,192608db42251d675da83286b1cce702) (ScriptedImporter) -> (artifact id: '09415dcccfdf7545cec90512124b6b2d') in 0.0279128 seconds
Number of updated asset objects reloaded before import = 0Number of asset objects unloaded after import = 0

========================================================================
Received Import Request.
  Time since last request: 0.000066 seconds.
  path: Assets/SteamVR/Scripts/SteamVR.cs
  artifactKey: Guid(7fae0ddab09ac324c85494471274d6a4) Importer(2089858483,192608db42251d675da83286b1cce702)
Start importing Assets/SteamVR/Scripts/SteamVR.cs using Guid(7fae0ddab09ac324c85494471274d6a4) Importer(2089858483,192608db42251d675da83286b1cce702) (ScriptedImporter) -> (artifact id: '2ec119c379d6083a0a8a35cc31367a2b') in 0.0315784 seconds
Number of updated asset objects reloaded before import = 0Number of asset objects unloaded after import = 0

========================================================================
Received Import Request.
  Time since last request: 0.000024 seconds.
  path: Assets/SteamVR/InteractionSystem/Longbow/Prefabs/ArcheryWeeble.prefab
  artifactKey: Guid(7fe1fef3cfad86946b3a549d6934330b) Importer(2089858483,192608db42251d675da83286b1cce702)
Start importing Assets/SteamVR/InteractionSystem/Longbow/Prefabs/ArcheryWeeble.prefab using Guid(7fe1fef3cfad86946b3a549d6934330b) Importer(2089858483,192608db42251d675da83286b1cce702) (ScriptedImporter) -> (artifact id: 'c997eaecc87505d4dd3cf094dbde7993') in 0.1075535 seconds
Number of updated asset objects reloaded before import = 0Number of asset objects unloaded after import = 117

========================================================================
Received Import Request.
  Time since last request: 0.000245 seconds.
  path: Assets/SteamVR/InteractionSystem/Core/Shaders/Silhouette.shader
  artifactKey: Guid(0c1cf10ea69e60e4f9eb8955749f88ec) Importer(2089858483,192608db42251d675da83286b1cce702)
Start importing Assets/SteamVR/InteractionSystem/Core/Shaders/Silhouette.shader using Guid(0c1cf10ea69e60e4f9eb8955749f88ec) Importer(2089858483,192608db42251d675da83286b1cce702) (ScriptedImporter) -> (artifact id: 'c21aa7bb7534fa0b6ecccb2be5960151') in 0.0317846 seconds
Number of updated asset objects reloaded before import = 0Number of asset objects unloaded after import = 1

========================================================================
Received Import Request.
  Time since last request: 0.000047 seconds.
  path: Assets/SteamVR/InteractionSystem/Longbow/Prefabs/ArrowHand.prefab
  artifactKey: Guid(d410d7126dd411c4ea651fc94eae9202) Importer(2089858483,192608db42251d675da83286b1cce702)
Start importing Assets/SteamVR/InteractionSystem/Longbow/Prefabs/ArrowHand.prefab using Guid(d410d7126dd411c4ea651fc94eae9202) Importer(2089858483,192608db42251d675da83286b1cce702) (ScriptedImporter) -> (artifact id: 'c0fcf74e29d24831605bcb42e4406f16') in 0.1730657 seconds
Number of updated asset objects reloaded before import = 0Number of asset objects unloaded after import = 459

========================================================================
Received Import Request.
  Time since last request: 0.000042 seconds.
  path: Assets/SteamVR/Input/ExampleJSON/bindings_oculus_touch.json
  artifactKey: Guid(ac8ef0844edb47f47a2a8edc62df4eab) Importer(2089858483,192608db42251d675da83286b1cce702)
Start importing Assets/SteamVR/Input/ExampleJSON/bindings_oculus_touch.json using Guid(ac8ef0844edb47f47a2a8edc62df4eab) Importer(2089858483,192608db42251d675da83286b1cce702) (ScriptedImporter) -> (artifact id: 'dc1108d3c10abb17289798b20df3fa56') in 0.0232303 seconds
Number of updated asset objects reloaded before import = 0Number of asset objects unloaded after import = 1

========================================================================
Received Import Request.
  Time since last request: 0.000035 seconds.
  path: Assets/SteamVR/InteractionSystem/Samples/JoeJeff/JoeJeff.cs
  artifactKey: Guid(2e6e0fb6a756a434b9faeea744a9920c) Importer(2089858483,192608db42251d675da83286b1cce702)
Start importing Assets/SteamVR/InteractionSystem/Samples/JoeJeff/JoeJeff.cs using Guid(2e6e0fb6a756a434b9faeea744a9920c) Importer(2089858483,192608db42251d675da83286b1cce702) (ScriptedImporter) -> (artifact id: 'cdc2b1ddfae5610c6be7e89af0826780') in 0.0262857 seconds
Number of updated asset objects reloaded before import = 0Number of asset objects unloaded after import = 0

========================================================================
Received Import Request.
  Time since last request: 0.000026 seconds.
  path: Assets/SteamVR/InteractionSystem/Samples/BuggyBuddy/URPLightCone_Blue.mat
  artifactKey: Guid(0f5a6ed934514dd4491f8cfa5cab3a14) Importer(2089858483,192608db42251d675da83286b1cce702)
Start importing Assets/SteamVR/InteractionSystem/Samples/BuggyBuddy/URPLightCone_Blue.mat using Guid(0f5a6ed934514dd4491f8cfa5cab3a14) Importer(2089858483,192608db42251d675da83286b1cce702) (ScriptedImporter) -> (artifact id: '75d0373eb26edd58dc75738fabb52ffd') in 0.0491929 seconds
Number of updated asset objects reloaded before import = 0Number of asset objects unloaded after import = 1

========================================================================
Received Import Request.
  Time since last request: 0.000041 seconds.
  path: Assets/SteamVR/Input/Plugins/JSON.NET/Valve.Newtonsoft.Json.dll
  artifactKey: Guid(ecd6084c4cbb53b489cc833eee6f0035) Importer(2089858483,192608db42251d675da83286b1cce702)
Start importing Assets/SteamVR/Input/Plugins/JSON.NET/Valve.Newtonsoft.Json.dll using Guid(ecd6084c4cbb53b489cc833eee6f0035) Importer(2089858483,192608db42251d675da83286b1cce702) (ScriptedImporter) -> (artifact id: '49fd6e410575e9d796b758379365359a') in 0.0280309 seconds
Number of updated asset objects reloaded before import = 0Number of asset objects unloaded after import = 0

========================================================================
Received Import Request.
  Time since last request: 0.000063 seconds.
  path: Assets/SteamVR/InteractionSystem/Core/Scripts/HoverButton.cs
  artifactKey: Guid(2c0e35ef0cc211b408d2d7e7eb0f850d) Importer(2089858483,192608db42251d675da83286b1cce702)
Start importing Assets/SteamVR/InteractionSystem/Core/Scripts/HoverButton.cs using Guid(2c0e35ef0cc211b408d2d7e7eb0f850d) Importer(2089858483,192608db42251d675da83286b1cce702) (ScriptedImporter) -> (artifact id: 'cddcd14dfc057fde35f72a315b8a87a0') in 0.027709 seconds
Number of updated asset objects reloaded before import = 0Number of asset objects unloaded after import = 0

========================================================================
Received Import Request.
  Time since last request: 0.000027 seconds.
  path: Assets/SteamVR/InteractionSystem/Longbow/Textures/ArcheryWeebleTarget.png
  artifactKey: Guid(b0b65ac2add33d04b9c6485a060c240a) Importer(2089858483,192608db42251d675da83286b1cce702)
Start importing Assets/SteamVR/InteractionSystem/Longbow/Textures/ArcheryWeebleTarget.png using Guid(b0b65ac2add33d04b9c6485a060c240a) Importer(2089858483,192608db42251d675da83286b1cce702) (ScriptedImporter) -> (artifact id: 'e79640d1becdd699acb011d83f5aabdd') in 0.0457241 seconds
Number of updated asset objects reloaded before import = 0Number of asset objects unloaded after import = 1

========================================================================
Received Import Request.
  Time since last request: 0.000032 seconds.
  path: Assets/SteamVR/InteractionSystem/Longbow/Sounds/LongbowPullBack07.wav
  artifactKey: Guid(b508660da1369664ea4fe1f9987c2150) Importer(2089858483,192608db42251d675da83286b1cce702)
Start importing Assets/SteamVR/InteractionSystem/Longbow/Sounds/LongbowPullBack07.wav using Guid(b508660da1369664ea4fe1f9987c2150) Importer(2089858483,192608db42251d675da83286b1cce702) (ScriptedImporter) -> (artifact id: '1088785e337e8fb6520dd1ad4a10a2ca') in 0.0532361 seconds
Number of updated asset objects reloaded before import = 0Number of asset objects unloaded after import = 1

========================================================================
Received Import Request.
  Time since last request: 0.000046 seconds.
  path: Assets/SteamVR/InteractionSystem/Hints/Shaders/ControllerButtonHints.shader
  artifactKey: Guid(de053fb214897cc439db35fc0361a282) Importer(2089858483,192608db42251d675da83286b1cce702)
Start importing Assets/SteamVR/InteractionSystem/Hints/Shaders/ControllerButtonHints.shader using Guid(de053fb214897cc439db35fc0361a282) Importer(2089858483,192608db42251d675da83286b1cce702) (ScriptedImporter) -> (artifact id: '08b6af000d515b278a90d73a32c73e05') in 0.0233834 seconds
Number of updated asset objects reloaded before import = 0Number of asset objects unloaded after import = 1

========================================================================
Received Import Request.
  Time since last request: 0.000030 seconds.
  path: Assets/SteamVR/InteractionSystem/Samples/Prefabs/Buggy.prefab
  artifactKey: Guid(1e914d8e31fa95b488c87df17e68d504) Importer(2089858483,192608db42251d675da83286b1cce702)
Start importing Assets/SteamVR/InteractionSystem/Samples/Prefabs/Buggy.prefab using Guid(1e914d8e31fa95b488c87df17e68d504) Importer(2089858483,192608db42251d675da83286b1cce702) (ScriptedImporter) -> (artifact id: 'c46955d2f15ababe17b57b0c0cc4422d') in 0.1358551 seconds
Number of updated asset objects reloaded before import = 0Number of asset objects unloaded after import = 104

========================================================================
Received Import Request.
  Time since last request: 0.000028 seconds.
  path: Assets/SteamVR/InteractionSystem/Longbow/Sounds/ArrowNock16.wav
  artifactKey: Guid(3bad6fb5cb07dd44b88e0e1857e222be) Importer(2089858483,192608db42251d675da83286b1cce702)
Start importing Assets/SteamVR/InteractionSystem/Longbow/Sounds/ArrowNock16.wav using Guid(3bad6fb5cb07dd44b88e0e1857e222be) Importer(2089858483,192608db42251d675da83286b1cce702) (ScriptedImporter) -> (artifact id: '55c10aece129f66bf1aa1579289f6618') in 0.0512569 seconds
Number of updated asset objects reloaded before import = 0Number of asset objects unloaded after import = 1

========================================================================
Received Import Request.
  Time since last request: 0.000043 seconds.
  path: Assets/SteamVR/Scripts/SteamVR_ExternalCamera.cs
  artifactKey: Guid(c9da270df5147d24597cc106058c1fa7) Importer(2089858483,192608db42251d675da83286b1cce702)
Start importing Assets/SteamVR/Scripts/SteamVR_ExternalCamera.cs using Guid(c9da270df5147d24597cc106058c1fa7) Importer(2089858483,192608db42251d675da83286b1cce702) (ScriptedImporter) -> (artifact id: 'eae398c6d2425982ab60bdc80dc4a3ff') in 0.033875 seconds
Number of updated asset objects reloaded before import = 0Number of asset objects unloaded after import = 0

========================================================================
Received Import Request.
  Time since last request: 0.000023 seconds.
  path: Assets/SteamVR/InteractionSystem/Core/Scripts/CircularDrive.cs
  artifactKey: Guid(1f32883eed859804dbb0c5fedac91496) Importer(2089858483,192608db42251d675da83286b1cce702)
Start importing Assets/SteamVR/InteractionSystem/Core/Scripts/CircularDrive.cs using Guid(1f32883eed859804dbb0c5fedac91496) Importer(2089858483,192608db42251d675da83286b1cce702) (ScriptedImporter) -> (artifact id: '5bc6ab3888ebdc345525f0bc66204085') in 0.0292984 seconds
Number of updated asset objects reloaded before import = 0Number of asset objects unloaded after import = 0

========================================================================
Received Import Request.
  Time since last request: 0.000029 seconds.
  path: Assets/SteamVR/InteractionSystem/Teleport/Materials URP
  artifactKey: Guid(dd6b0f5b3d0c35a4095402e3b4808192) Importer(2089858483,192608db42251d675da83286b1cce702)
Start importing Assets/SteamVR/InteractionSystem/Teleport/Materials URP using Guid(dd6b0f5b3d0c35a4095402e3b4808192) Importer(2089858483,192608db42251d675da83286b1cce702) (ScriptedImporter) -> (artifact id: '97c6976b3f03c803f10e8618a6a77f5c') in 0.0257837 seconds
Number of updated asset objects reloaded before import = 0Number of asset objects unloaded after import = 1

========================================================================
Received Import Request.
  Time since last request: 0.000043 seconds.
  path: Assets/SteamVR/InteractionSystem/Hints/Prefabs
  artifactKey: Guid(bbecae3d442b2b0478f2e6a2afc24059) Importer(2089858483,192608db42251d675da83286b1cce702)
Start importing Assets/SteamVR/InteractionSystem/Hints/Prefabs using Guid(bbecae3d442b2b0478f2e6a2afc24059) Importer(2089858483,192608db42251d675da83286b1cce702) (ScriptedImporter) -> (artifact id: '4d02d0843c5706417bc5ccb7e32c95e6') in 0.0190787 seconds
Number of updated asset objects reloaded before import = 0Number of asset objects unloaded after import = 1

========================================================================
Received Import Request.
  Time since last request: 0.000025 seconds.
  path: Assets/SteamVR/InteractionSystem/Hints/Textures
  artifactKey: Guid(6fa11a15b6830ea40808c51f7a5f0a4e) Importer(2089858483,192608db42251d675da83286b1cce702)
Start importing Assets/SteamVR/InteractionSystem/Hints/Textures using Guid(6fa11a15b6830ea40808c51f7a5f0a4e) Importer(2089858483,192608db42251d675da83286b1cce702) (ScriptedImporter) -> (artifact id: 'c29bcd8477cbaa759fef289c11d0fbe4') in 0.02099 seconds
Number of updated asset objects reloaded before import = 0Number of asset objects unloaded after import = 1

========================================================================
Received Import Request.
  Time since last request: 0.000029 seconds.
  path: Assets/SteamVR/InteractionSystem/Longbow/Materials/BalloonPop.mat
  artifactKey: Guid(2d01d8c885250364bac66a45791f02e1) Importer(2089858483,192608db42251d675da83286b1cce702)
Start importing Assets/SteamVR/InteractionSystem/Longbow/Materials/BalloonPop.mat using Guid(2d01d8c885250364bac66a45791f02e1) Importer(2089858483,192608db42251d675da83286b1cce702) (ScriptedImporter) -> (artifact id: '2e968cc0bd02353c4cea31b7967bdfd1') in 0.0352816 seconds
Number of updated asset objects reloaded before import = 0Number of asset objects unloaded after import = 2

========================================================================
Received Import Request.
  Time since last request: 0.000032 seconds.
  path: Assets/SteamVR/InteractionSystem/Teleport/Prefabs/Teleporting.prefab
  artifactKey: Guid(7a135b1a2cb9c8f488d4dd00c55ab283) Importer(2089858483,192608db42251d675da83286b1cce702)
Start importing Assets/SteamVR/InteractionSystem/Teleport/Prefabs/Teleporting.prefab using Guid(7a135b1a2cb9c8f488d4dd00c55ab283) Importer(2089858483,192608db42251d675da83286b1cce702) (ScriptedImporter) -> (artifact id: 'd8eac80400ae186f06d368998a08b7a6') in 0.0819725 seconds
Number of updated asset objects reloaded before import = 0Number of asset objects unloaded after import = 82

========================================================================
Received Import Request.
  Time since last request: 0.000041 seconds.
  path: Assets/SteamVR/InteractionSystem/Longbow/Textures/ArrowAlbedoTransparency.png
  artifactKey: Guid(0f09256f7da973b45a660eefd832b56b) Importer(2089858483,192608db42251d675da83286b1cce702)
Start importing Assets/SteamVR/InteractionSystem/Longbow/Textures/ArrowAlbedoTransparency.png using Guid(0f09256f7da973b45a660eefd832b56b) Importer(2089858483,192608db42251d675da83286b1cce702) (ScriptedImporter) -> (artifact id: '47f5180de1f645e97fab0b7bdc4e09e3') in 0.0501486 seconds
Number of updated asset objects reloaded before import = 0Number of asset objects unloaded after import = 1

========================================================================
Received Import Request.
  Time since last request: 0.000025 seconds.
  path: Assets/SteamVR/InteractionSystem/Samples/Prefabs/JoeJeff.prefab
  artifactKey: Guid(48530aab98abaa541acf2cf3f3f06d20) Importer(2089858483,192608db42251d675da83286b1cce702)
Start importing Assets/SteamVR/InteractionSystem/Samples/Prefabs/JoeJeff.prefab using Guid(48530aab98abaa541acf2cf3f3f06d20) Importer(2089858483,192608db42251d675da83286b1cce702) (ScriptedImporter) -> (artifact id: '186f0e1130a60aebd0799b0d37c92c17') in 0.1242361 seconds
Number of updated asset objects reloaded before import = 0Number of asset objects unloaded after import = 188

========================================================================
Received Import Request.
  Time since last request: 0.000039 seconds.
  path: Assets/SteamVR/Input/SteamVR_ActionDirections.cs
  artifactKey: Guid(685af21914dfaf6459336bd9e8d1966c) Importer(2089858483,192608db42251d675da83286b1cce702)
Start importing Assets/SteamVR/Input/SteamVR_ActionDirections.cs using Guid(685af21914dfaf6459336bd9e8d1966c) Importer(2089858483,192608db42251d675da83286b1cce702) (ScriptedImporter) -> (artifact id: 'b21a3157bb6f0e301709993c3e686cda') in 0.0234754 seconds
Number of updated asset objects reloaded before import = 0Number of asset objects unloaded after import = 0

========================================================================
Received Import Request.
  Time since last request: 0.000041 seconds.
  path: Assets/SteamVR/InteractionSystem/Core/Prefabs/LeftRenderModel.prefab
  artifactKey: Guid(8ade79fed86bbd141926d1cd94c98457) Importer(2089858483,192608db42251d675da83286b1cce702)
Start importing Assets/SteamVR/InteractionSystem/Core/Prefabs/LeftRenderModel.prefab using Guid(8ade79fed86bbd141926d1cd94c98457) Importer(2089858483,192608db42251d675da83286b1cce702) (ScriptedImporter) -> (artifact id: '33b57243590ae61506a6d6472109b547') in 0.0375065 seconds
Number of updated asset objects reloaded before import = 0Number of asset objects unloaded after import = 88

========================================================================
Received Import Request.
  Time since last request: 0.000028 seconds.
  path: Assets/SteamVR/InteractionSystem/Samples/JoeJeff/JoeJeffController.fbx
  artifactKey: Guid(076d897164a32834791fe9bd812ed21d) Importer(2089858483,192608db42251d675da83286b1cce702)
Start importing Assets/SteamVR/InteractionSystem/Samples/JoeJeff/JoeJeffController.fbx using Guid(076d897164a32834791fe9bd812ed21d) Importer(2089858483,192608db42251d675da83286b1cce702) (ScriptedImporter) -> (artifact id: '93bd94a5f380a923325954a85a10ea0b') in 0.0525788 seconds
Number of updated asset objects reloaded before import = 0Number of asset objects unloaded after import = 13

========================================================================
Received Import Request.
  Time since last request: 0.000028 seconds.
  path: Assets/SteamVR/Scripts/SteamVR_Menu.cs
  artifactKey: Guid(e7afc8c74d1f73b458705e0b946292a0) Importer(2089858483,192608db42251d675da83286b1cce702)
Start importing Assets/SteamVR/Scripts/SteamVR_Menu.cs using Guid(e7afc8c74d1f73b458705e0b946292a0) Importer(2089858483,192608db42251d675da83286b1cce702) (ScriptedImporter) -> (artifact id: '11893d1d02f869f885f3ac4c8664dd87') in 0.0287328 seconds
Number of updated asset objects reloaded before import = 0Number of asset objects unloaded after import = 0

========================================================================
Received Import Request.
  Time since last request: 0.000031 seconds.
  path: Assets/SteamVR/Input/Editor/Resources/Icons/handmask_Thumb.png
  artifactKey: Guid(764dada5864e19440bb07e24e684e950) Importer(2089858483,192608db42251d675da83286b1cce702)
Start importing Assets/SteamVR/Input/Editor/Resources/Icons/handmask_Thumb.png using Guid(764dada5864e19440bb07e24e684e950) Importer(2089858483,192608db42251d675da83286b1cce702) (ScriptedImporter) -> (artifact id: 'aaddc8e5a6299b46128091d4187d0af1') in 0.0405641 seconds
Number of updated asset objects reloaded before import = 0Number of asset objects unloaded after import = 1

========================================================================
Received Import Request.
  Time since last request: 0.000040 seconds.
  path: Assets/SteamVR/InteractionSystem/Longbow/Prefabs/Torch.prefab
  artifactKey: Guid(380bbbca09a806c4c8607dd111d9ed8f) Importer(2089858483,192608db42251d675da83286b1cce702)
Start importing Assets/SteamVR/InteractionSystem/Longbow/Prefabs/Torch.prefab using Guid(380bbbca09a806c4c8607dd111d9ed8f) Importer(2089858483,192608db42251d675da83286b1cce702) (ScriptedImporter) -> (artifact id: '9949ebc0e1bff3775b3ebfb292f7b498') in 0.0492503 seconds
Number of updated asset objects reloaded before import = 0Number of asset objects unloaded after import = 36

========================================================================
Received Import Request.
  Time since last request: 0.000081 seconds.
  path: Assets/SteamVR/InteractionSystem/Samples/BuggyBuddy/Materials/unnamed.mat
  artifactKey: Guid(14ed578262aab0047a2bf66c3949d2eb) Importer(2089858483,192608db42251d675da83286b1cce702)
Start importing Assets/SteamVR/InteractionSystem/Samples/BuggyBuddy/Materials/unnamed.mat using Guid(14ed578262aab0047a2bf66c3949d2eb) Importer(2089858483,192608db42251d675da83286b1cce702) (ScriptedImporter) -> (artifact id: 'fc8832107b8877f8c8ccf9ed3f5c17e1') in 0.0268551 seconds
Number of updated asset objects reloaded before import = 0Number of asset objects unloaded after import = 1

========================================================================
Received Import Request.
  Time since last request: 0.000026 seconds.
  path: Assets/SteamVR/InteractionSystem/Longbow/Materials/ItemPickupOutline.mat
  artifactKey: Guid(3d938759d8b7a414988ec3261fb5265d) Importer(2089858483,192608db42251d675da83286b1cce702)
Start importing Assets/SteamVR/InteractionSystem/Longbow/Materials/ItemPickupOutline.mat using Guid(3d938759d8b7a414988ec3261fb5265d) Importer(2089858483,192608db42251d675da83286b1cce702) (ScriptedImporter) -> (artifact id: 'd499cba01b4a33e70951b12d929a6590') in 0.0336715 seconds
Number of updated asset objects reloaded before import = 0Number of asset objects unloaded after import = 1

========================================================================
Received Import Request.
  Time since last request: 0.000088 seconds.
  path: Assets/SteamVR/Input/SteamVR_UpdateModes.cs
  artifactKey: Guid(5811a8be2382cd440970c707dccb6fb0) Importer(2089858483,192608db42251d675da83286b1cce702)
Start importing Assets/SteamVR/Input/SteamVR_UpdateModes.cs using Guid(5811a8be2382cd440970c707dccb6fb0) Importer(2089858483,192608db42251d675da83286b1cce702) (ScriptedImporter) -> (artifact id: '337d2f3209fbe44f95fa37e60b24d80d') in 0.0272097 seconds
Number of updated asset objects reloaded before import = 0Number of asset objects unloaded after import = 0

========================================================================
Received Import Request.
  Time since last request: 0.000028 seconds.
  path: Assets/SteamVR/InteractionSystem/Core/Scripts/DestroyOnDetachedFromHand.cs
  artifactKey: Guid(5240357a2468cdc4291b266bee3cb9b9) Importer(2089858483,192608db42251d675da83286b1cce702)
Start importing Assets/SteamVR/InteractionSystem/Core/Scripts/DestroyOnDetachedFromHand.cs using Guid(5240357a2468cdc4291b266bee3cb9b9) Importer(2089858483,192608db42251d675da83286b1cce702) (ScriptedImporter) -> (artifact id: '11f024040147d3d7cd2d4a1e2605e89a') in 0.0376119 seconds
Number of updated asset objects reloaded before import = 0Number of asset objects unloaded after import = 0

========================================================================
Received Import Request.
  Time since last request: 0.000028 seconds.
  path: Assets/SteamVR/InteractionSystem/Samples/Models/Wall.prefab
  artifactKey: Guid(4f8a76d2be4d1cb40a9aa32921fcb73c) Importer(2089858483,192608db42251d675da83286b1cce702)
Start importing Assets/SteamVR/InteractionSystem/Samples/Models/Wall.prefab using Guid(4f8a76d2be4d1cb40a9aa32921fcb73c) Importer(2089858483,192608db42251d675da83286b1cce702) (ScriptedImporter) -> (artifact id: '51156bf7b414a989fb32824a418ebe60') in 0.0618787 seconds
Number of updated asset objects reloaded before import = 0Number of asset objects unloaded after import = 9

========================================================================
Received Import Request.
  Time since last request: 0.000036 seconds.
  path: Assets/SteamVR/Input/Editor/SteamVR_Skeleton_PoserEditor.cs
  artifactKey: Guid(4dc9de3af3d42194abc1380cc3a5cc61) Importer(2089858483,192608db42251d675da83286b1cce702)
Start importing Assets/SteamVR/Input/Editor/SteamVR_Skeleton_PoserEditor.cs using Guid(4dc9de3af3d42194abc1380cc3a5cc61) Importer(2089858483,192608db42251d675da83286b1cce702) (ScriptedImporter) -> (artifact id: '54dbe4e50be958dd153c88e0095c6824') in 0.0256754 seconds
Number of updated asset objects reloaded before import = 0Number of asset objects unloaded after import = 0

========================================================================
Received Import Request.
  Time since last request: 0.000027 seconds.
  path: Assets/SteamVR/InteractionSystem/Samples/JoeJeff/Animation/HumanoidWalk.fbx
  artifactKey: Guid(b1a5e04ae51004842aba06704a6c2903) Importer(2089858483,192608db42251d675da83286b1cce702)
Start importing Assets/SteamVR/InteractionSystem/Samples/JoeJeff/Animation/HumanoidWalk.fbx using Guid(b1a5e04ae51004842aba06704a6c2903) Importer(2089858483,192608db42251d675da83286b1cce702) (ScriptedImporter) -> (artifact id: '488652f9de012774f6a32933096e0935') in 0.0686498 seconds
Number of updated asset objects reloaded before import = 0Number of asset objects unloaded after import = 157

========================================================================
Received Import Request.
  Time since last request: 0.000031 seconds.
  path: Assets/SteamVR/OpenVRUnityXRPackage/Editor/com.valvesoftware.unity.openvr-1.2.1.tgz
  artifactKey: Guid(9c82398bce8eb28438c2b919280ec0e9) Importer(2089858483,192608db42251d675da83286b1cce702)
Start importing Assets/SteamVR/OpenVRUnityXRPackage/Editor/com.valvesoftware.unity.openvr-1.2.1.tgz using Guid(9c82398bce8eb28438c2b919280ec0e9) Importer(2089858483,192608db42251d675da83286b1cce702) (ScriptedImporter) -> (artifact id: 'b76aacd57cda557a1d222fa0bcf9596f') in 0.0211266 seconds
Number of updated asset objects reloaded before import = 0Number of asset objects unloaded after import = 1

========================================================================
Received Import Request.
  Time since last request: 0.000037 seconds.
  path: Assets/StreamingAssets/SteamVR/binding_vive.json
  artifactKey: Guid(d13b14122c723064598cbc2ce7a464bf) Importer(2089858483,192608db42251d675da83286b1cce702)
Start importing Assets/StreamingAssets/SteamVR/binding_vive.json using Guid(d13b14122c723064598cbc2ce7a464bf) Importer(2089858483,192608db42251d675da83286b1cce702) (ScriptedImporter) -> (artifact id: 'fec45b7ecf9e073da8c0e105c16a9c73') in 0.0218843 seconds
Number of updated asset objects reloaded before import = 0Number of asset objects unloaded after import = 1

========================================================================
Received Import Request.
  Time since last request: 0.000027 seconds.
  path: Assets/SteamVR/Models/Materials/vr_glove_color.jpg
  artifactKey: Guid(376598f82a9237644a365fa0cc9e873a) Importer(2089858483,192608db42251d675da83286b1cce702)
Start importing Assets/SteamVR/Models/Materials/vr_glove_color.jpg using Guid(376598f82a9237644a365fa0cc9e873a) Importer(2089858483,192608db42251d675da83286b1cce702) (ScriptedImporter) -> (artifact id: '6095979c971390268e8b6ac99b405629') in 0.0416199 seconds
Number of updated asset objects reloaded before import = 0Number of asset objects unloaded after import = 1

========================================================================
Received Import Request.
  Time since last request: 0.000025 seconds.
  path: Assets/SteamVR/InteractionSystem/Core/Prefabs/HandColliderRight.prefab
  artifactKey: Guid(2f378ddf4e9373548a3708d26c1d75a4) Importer(2089858483,192608db42251d675da83286b1cce702)
Start importing Assets/SteamVR/InteractionSystem/Core/Prefabs/HandColliderRight.prefab using Guid(2f378ddf4e9373548a3708d26c1d75a4) Importer(2089858483,192608db42251d675da83286b1cce702) (ScriptedImporter) -> (artifact id: 'a3d9906bd6c48bd0add1145e6a7a7c8b') in 0.0373905 seconds
Number of updated asset objects reloaded before import = 0Number of asset objects unloaded after import = 59

========================================================================
Received Import Request.
  Time since last request: 0.000026 seconds.
  path: Assets/SteamVR/InteractionSystem/Longbow/Sounds/ArrowNock10.wav
  artifactKey: Guid(37b6eb5cae1aaba4086f32bccf0cb47f) Importer(2089858483,192608db42251d675da83286b1cce702)
Start importing Assets/SteamVR/InteractionSystem/Longbow/Sounds/ArrowNock10.wav using Guid(37b6eb5cae1aaba4086f32bccf0cb47f) Importer(2089858483,192608db42251d675da83286b1cce702) (ScriptedImporter) -> (artifact id: '31e9420d9afe8ed4aac8f68ea926962c') in 0.0618355 seconds
Number of updated asset objects reloaded before import = 0Number of asset objects unloaded after import = 1

========================================================================
Received Import Request.
  Time since last request: 0.000036 seconds.
  path: Assets/SteamVR/InteractionSystem/Longbow/Sounds/LongbowPullBack05.wav
  artifactKey: Guid(d27732ffed6c52840bb268571f66913e) Importer(2089858483,192608db42251d675da83286b1cce702)
Start importing Assets/SteamVR/InteractionSystem/Longbow/Sounds/LongbowPullBack05.wav using Guid(d27732ffed6c52840bb268571f66913e) Importer(2089858483,192608db42251d675da83286b1cce702) (ScriptedImporter) -> (artifact id: '435355098421e9e9e077de762c2774d9') in 0.0486166 seconds
Number of updated asset objects reloaded before import = 0Number of asset objects unloaded after import = 1

========================================================================
Received Import Request.
  Time since last request: 0.000026 seconds.
  path: Assets/IgniteCoders/Simple Water Shader
  artifactKey: Guid(89919fc0e6e9ac34190af3f6d4c16098) Importer(2089858483,192608db42251d675da83286b1cce702)
Start importing Assets/IgniteCoders/Simple Water Shader using Guid(89919fc0e6e9ac34190af3f6d4c16098) Importer(2089858483,192608db42251d675da83286b1cce702) (ScriptedImporter) -> (artifact id: '1142f464480cfa9954673e8d9345ce42') in 0.028488 seconds
Number of updated asset objects reloaded before import = 0Number of asset objects unloaded after import = 1

========================================================================
Received Import Request.
  Time since last request: 0.000031 seconds.
  path: Assets/XR/XRGeneralSettingsPerBuildTarget.asset
  artifactKey: Guid(bd040b62d489bd14a89206a0289850b7) Importer(2089858483,192608db42251d675da83286b1cce702)
Start importing Assets/XR/XRGeneralSettingsPerBuildTarget.asset using Guid(bd040b62d489bd14a89206a0289850b7) Importer(2089858483,192608db42251d675da83286b1cce702) (ScriptedImporter) -> (artifact id: 'b007e36c65da9812ba1e4eb8729164c3') in 0.0493617 seconds
Number of updated asset objects reloaded before import = 0Number of asset objects unloaded after import = 5

========================================================================
Received Import Request.
  Time since last request: 0.000040 seconds.
  path: Assets/IgniteCoders/Simple Water Shader/Prefabs/WaterReflectionCamera.prefab
  artifactKey: Guid(838c0bef810bfe94d8e33947c3cba7c6) Importer(2089858483,192608db42251d675da83286b1cce702)
Start importing Assets/IgniteCoders/Simple Water Shader/Prefabs/WaterReflectionCamera.prefab using Guid(838c0bef810bfe94d8e33947c3cba7c6) Importer(2089858483,192608db42251d675da83286b1cce702) (ScriptedImporter) -> (artifact id: '845c74730c8b342129a026dbfd2a04a8') in 0.0872552 seconds
Number of updated asset objects reloaded before import = 0Number of asset objects unloaded after import = 8

========================================================================
Received Import Request.
  Time since last request: 0.000025 seconds.
  path: Assets/SteamVR/InteractionSystem/Core/Scripts/SleepOnAwake.cs
  artifactKey: Guid(0584375ad2f33ef4da0b276de8507487) Importer(2089858483,192608db42251d675da83286b1cce702)
Start importing Assets/SteamVR/InteractionSystem/Core/Scripts/SleepOnAwake.cs using Guid(0584375ad2f33ef4da0b276de8507487) Importer(2089858483,192608db42251d675da83286b1cce702) (ScriptedImporter) -> (artifact id: '15f17920bd003f3e192b73dc8434b61a') in 0.024571 seconds
Number of updated asset objects reloaded before import = 0Number of asset objects unloaded after import = 0

========================================================================
Received Import Request.
  Time since last request: 0.000029 seconds.
  path: Assets/SteamVR/InteractionSystem/Hints/Materials/ControllerButtonHints.mat
  artifactKey: Guid(11b050e661ec0cf48a289a7266451e91) Importer(2089858483,192608db42251d675da83286b1cce702)
Start importing Assets/SteamVR/InteractionSystem/Hints/Materials/ControllerButtonHints.mat using Guid(11b050e661ec0cf48a289a7266451e91) Importer(2089858483,192608db42251d675da83286b1cce702) (ScriptedImporter) -> (artifact id: '209b9b85085734b3f19c804659da23db') in 0.0303916 seconds
Number of updated asset objects reloaded before import = 0Number of asset objects unloaded after import = 1

========================================================================
Received Import Request.
  Time since last request: 0.000041 seconds.
  path: Assets/SteamVR/Input/ExampleJSON/binding_vive.json
  artifactKey: Guid(43fad7e4e7f44884ba9067602d2a8b5d) Importer(2089858483,192608db42251d675da83286b1cce702)
Start importing Assets/SteamVR/Input/ExampleJSON/binding_vive.json using Guid(43fad7e4e7f44884ba9067602d2a8b5d) Importer(2089858483,192608db42251d675da83286b1cce702) (ScriptedImporter) -> (artifact id: '6790758b0a5a6c339a920c8812aafa21') in 0.0268908 seconds
Number of updated asset objects reloaded before import = 0Number of asset objects unloaded after import = 1

========================================================================
Received Import Request.
  Time since last request: 0.000025 seconds.
  path: Assets/SteamVR/Input/BehaviourUnityEvents/SteamVR_Behaviour_Skeleton_ConnectedChangedEvent.cs
  artifactKey: Guid(431bf7eb5ceb24a448dc44a2ed8d8243) Importer(2089858483,192608db42251d675da83286b1cce702)
Start importing Assets/SteamVR/Input/BehaviourUnityEvents/SteamVR_Behaviour_Skeleton_ConnectedChangedEvent.cs using Guid(431bf7eb5ceb24a448dc44a2ed8d8243) Importer(2089858483,192608db42251d675da83286b1cce702) (ScriptedImporter) -> (artifact id: 'efa86b79535bf27786dd8baf99263726') in 0.0344481 seconds
Number of updated asset objects reloaded before import = 0Number of asset objects unloaded after import = 0

========================================================================
Received Import Request.
  Time since last request: 0.000024 seconds.
  path: Assets/SteamVR/InteractionSystem/Samples/Prefabs
  artifactKey: Guid(d1a38babac376b7418f11ad0254a0cf2) Importer(2089858483,192608db42251d675da83286b1cce702)
Start importing Assets/SteamVR/InteractionSystem/Samples/Prefabs using Guid(d1a38babac376b7418f11ad0254a0cf2) Importer(2089858483,192608db42251d675da83286b1cce702) (ScriptedImporter) -> (artifact id: 'd93065ed46b72429a209ab0a4a697a1c') in 0.0235903 seconds
Number of updated asset objects reloaded before import = 0Number of asset objects unloaded after import = 1

========================================================================
Received Import Request.
  Time since last request: 0.000023 seconds.
  path: Assets/SteamVR/InteractionSystem/Samples/Prefabs/Buggy.prefab
  artifactKey: Guid(1e914d8e31fa95b488c87df17e68d504) Importer(2089858483,3d70f49cd1c2eb9ae422958d1c652c6b)
Start importing Assets/SteamVR/InteractionSystem/Samples/Prefabs/Buggy.prefab using Guid(1e914d8e31fa95b488c87df17e68d504) Importer(2089858483,3d70f49cd1c2eb9ae422958d1c652c6b) (ScriptedImporter) -> (artifact id: '29f075461b975cdc256c328d4007e3ad') in 0.1025304 seconds
Number of updated asset objects reloaded before import = 0Number of asset objects unloaded after import = 107

Editor requested this worker to shutdown with reason: Scaling down because of idle timeout
AssetImportWorker is now disconnected from the server
Process exiting
Exiting without the bug reporter. Application will terminate with return code 0