Using pre-set license
Built from '6000.0/staging' branch; Version is '6000.0.40f1 (157d81624ddf) revision 1408385'; Using compiler version '193933523'; Build Type 'Release'
OS: 'Windows 10  (10.0.19045) 64bit Professional' Language: 'pl' Physical Memory: 16316 MB
BatchMode: 1, IsHumanControllingUs: 0, StartBugReporterOnCrash: 0, Is64bit: 1, IsPro: 1

COMMAND LINE ARGUMENTS:
C:\Program Files\Unity\Hub\Editor\6000.0.40f1\Editor\Unity.exe
-adb2
-batchMode
-noUpm
-name
AssetImportWorker5
-projectPath
C:/Users/student/Desktop/VR-ProgGier-KWKW-2025/TrapPiraci-2025-KWKW
-logFile
Logs/AssetImportWorker5.log
-srvPort
50149
-job-worker-count
5
-background-job-worker-count
8
-gc-helper-count
1
Successfully changed project path to: C:/Users/student/Desktop/VR-ProgGier-KWKW-2025/TrapPiraci-2025-KWKW
C:/Users/student/Desktop/VR-ProgGier-KWKW-2025/TrapPiraci-2025-KWKW
[UnityMemory] Configuration Parameters - Can be set up in boot.config
    "memorysetup-bucket-allocator-granularity=16"
    "memorysetup-bucket-allocator-bucket-count=8"
    "memorysetup-bucket-allocator-block-size=33554432"
    "memorysetup-bucket-allocator-block-count=8"
    "memorysetup-main-allocator-block-size=16777216"
    "memorysetup-thread-allocator-block-size=16777216"
    "memorysetup-gfx-main-allocator-block-size=16777216"
    "memorysetup-gfx-thread-allocator-block-size=16777216"
    "memorysetup-cache-allocator-block-size=4194304"
    "memorysetup-typetree-allocator-block-size=2097152"
    "memorysetup-profiler-bucket-allocator-granularity=16"
    "memorysetup-profiler-bucket-allocator-bucket-count=8"
    "memorysetup-profiler-bucket-allocator-block-size=33554432"
    "memorysetup-profiler-bucket-allocator-block-count=8"
    "memorysetup-profiler-allocator-block-size=16777216"
    "memorysetup-profiler-editor-allocator-block-size=1048576"
    "memorysetup-temp-allocator-size-main=16777216"
    "memorysetup-job-temp-allocator-block-size=2097152"
    "memorysetup-job-temp-allocator-block-size-background=1048576"
    "memorysetup-job-temp-allocator-reduction-small-platforms=262144"
    "memorysetup-allocator-temp-initial-block-size-main=262144"
    "memorysetup-allocator-temp-initial-block-size-worker=262144"
    "memorysetup-temp-allocator-size-background-worker=32768"
    "memorysetup-temp-allocator-size-job-worker=262144"
    "memorysetup-temp-allocator-size-preload-manager=33554432"
    "memorysetup-temp-allocator-size-nav-mesh-worker=65536"
    "memorysetup-temp-allocator-size-audio-worker=65536"
    "memorysetup-temp-allocator-size-cloud-worker=32768"
    "memorysetup-temp-allocator-size-gi-baking-worker=262144"
    "memorysetup-temp-allocator-size-gi-baking-worker=262144"
    "memorysetup-temp-allocator-size-gi-baking-worker=262144"
    "memorysetup-temp-allocator-size-gi-baking-worker=262144"
    "memorysetup-temp-allocator-size-gi-baking-worker=262144"
    "memorysetup-temp-allocator-size-gfx=262144"
Player connection [6692]  Target information:

Player connection [6692]  * "[IP] 192.168.100.142 [Port] 0 [Flags] 2 [Guid] 617518871 [EditorId] 617518871 [Version] 1048832 [Id] WindowsEditor(7,DESKTOP-HICRFO9) [Debug] 1 [PackageName] WindowsEditor [ProjectName] Editor" 

Player connection [6692] Host joined multi-casting on [225.0.0.222:54997]...
Player connection [6692] Host joined alternative multi-casting on [225.0.0.222:34997]...
JobSystem: Creating JobQueue using job-worker-count value 5
Input System module state changed to: Initialized.
[Physics::Module] Initialized fallback backend.
[Physics::Module] Id: 0xdecafbad
Library Redirect Path: Library/
[Physics::Module] Selected backend.
[Physics::Module] Name: PhysX
[Physics::Module] Id: 0xf2b8ea05
[Physics::Module] SDK Version: 4.1.2
[Physics::Module] Integration Version: 1.0.0
[Physics::Module] Threading Mode: Multi-Threaded
Refreshing native plugins compatible for Editor in 123.53 ms, found 12 plugins.
Preloading 0 native plugins for Editor in 0.00 ms.
Initialize engine version: 6000.0.40f1 (157d81624ddf)
[Subsystems] Discovering subsystems at path C:/Program Files/Unity/Hub/Editor/6000.0.40f1/Editor/Data/Resources/UnitySubsystems
[Subsystems] Discovering subsystems at path C:/Users/student/Desktop/VR-ProgGier-KWKW-2025/TrapPiraci-2025-KWKW/Assets
GfxDevice: creating device client; kGfxThreadingModeNonThreaded
Direct3D:
    Version:  Direct3D 11.0 [level 11.1]
    Renderer: NVIDIA GeForce GTX 1660 (ID=0x2184)
    Vendor:   NVIDIA
    VRAM:     5966 MB
    Driver:   32.0.15.6094
Initialize mono
Mono path[0] = 'C:/Program Files/Unity/Hub/Editor/6000.0.40f1/Editor/Data/Managed'
Mono path[1] = 'C:/Program Files/Unity/Hub/Editor/6000.0.40f1/Editor/Data/MonoBleedingEdge/lib/mono/unityjit-win32'
Mono config path = 'C:/Program Files/Unity/Hub/Editor/6000.0.40f1/Editor/Data/MonoBleedingEdge/etc'
Using monoOptions --debugger-agent=transport=dt_socket,embedding=1,server=y,suspend=n,address=127.0.0.1:56852
Begin MonoManager ReloadAssembly
Registering precompiled unity dll's ...
Register platform support module: C:/Program Files/Unity/Hub/Editor/6000.0.40f1/Editor/Data/PlaybackEngines/WindowsStandaloneSupport/UnityEditor.WindowsStandalone.Extensions.dll
Registered in 0.006455 seconds.
- Loaded All Assemblies, in  1.808 seconds
Native extension for WindowsStandalone target not found
Mono: successfully reloaded assembly
- Finished resetting the current domain, in  1.351 seconds
Domain Reload Profiling: 3148ms
	BeginReloadAssembly (928ms)
		ExecutionOrderSort (0ms)
		DisableScriptedObjects (0ms)
		BackupInstance (0ms)
		ReleaseScriptingObjects (0ms)
		CreateAndSetChildDomain (1ms)
	RebuildCommonClasses (122ms)
	RebuildNativeTypeToScriptingClass (50ms)
	initialDomainReloadingComplete (179ms)
	LoadAllAssembliesAndSetupDomain (517ms)
		LoadAssemblies (917ms)
		RebuildTransferFunctionScriptingTraits (0ms)
		AnalyzeDomain (512ms)
			TypeCache.Refresh (503ms)
				TypeCache.ScanAssembly (444ms)
			BuildScriptInfoCaches (0ms)
			ResolveRequiredComponents (6ms)
	FinalizeReload (1352ms)
		ReleaseScriptCaches (0ms)
		RebuildScriptCaches (0ms)
		SetupLoadedEditorAssemblies (1197ms)
			LogAssemblyErrors (0ms)
			InitializePlatformSupportModulesInManaged (68ms)
			SetLoadedEditorAssemblies (28ms)
			BeforeProcessingInitializeOnLoad (234ms)
			ProcessInitializeOnLoadAttributes (611ms)
			ProcessInitializeOnLoadMethodAttributes (255ms)
			AfterProcessingInitializeOnLoad (0ms)
			EditorAssembliesLoaded (1ms)
		ExecutionOrderSort2 (0ms)
		AwakeInstancesAfterBackupRestoration (0ms)
========================================================================
Worker process is ready to serve import requests
Import Worker Mode flag is 0x00
Begin MonoManager ReloadAssembly
- Loaded All Assemblies, in  2.410 seconds
'Packages/com.unity.xr.openxr/Runtime/OpenXRLoader.cs' contains partial class of Unity.Object, exactly 1 of the partial classes needs to be in a file with the same filename. This is to know the one that can be referenced from ie. GameObjects
'Packages/com.unity.xr.openxr/Runtime/OpenXRLoaderInternal.cs' contains partial class of Unity.Object, exactly 1 of the partial classes needs to be in a file with the same filename. This is to know the one that can be referenced from ie. GameObjects
Refreshing native plugins compatible for Editor in 22.33 ms, found 12 plugins.
Native extension for WindowsStandalone target not found
Package Manager log level set to [2]
[Package Manager] Failed to launch server process. Reason: Unity was launched with the -noUpm command-line argument
[Package Manager] Unable to send message (not connected to server process).
[Package Manager] Cannot connect to Unity Package Manager local server
Refreshing native plugins compatible for Editor in 36.94 ms, found 12 plugins.
Mono: successfully reloaded assembly
[Package Manager] Failed to launch server process. Reason: Unity was launched with the -noUpm command-line argument
[Package Manager] Unable to send message (not connected to server process).
[Package Manager] Cannot connect to Unity Package Manager local server
[Package Manager] Failed to launch server process. Reason: Unity was launched with the -noUpm command-line argument
[Package Manager] Unable to send message (not connected to server process).
[Package Manager] Cannot connect to Unity Package Manager local server
- Finished resetting the current domain, in  2.860 seconds
Domain Reload Profiling: 5258ms
	BeginReloadAssembly (587ms)
		ExecutionOrderSort (0ms)
		DisableScriptedObjects (15ms)
		BackupInstance (0ms)
		ReleaseScriptingObjects (0ms)
		CreateAndSetChildDomain (93ms)
	RebuildCommonClasses (127ms)
	RebuildNativeTypeToScriptingClass (45ms)
	initialDomainReloadingComplete (129ms)
	LoadAllAssembliesAndSetupDomain (1508ms)
		LoadAssemblies (1063ms)
		RebuildTransferFunctionScriptingTraits (0ms)
		AnalyzeDomain (804ms)
			TypeCache.Refresh (617ms)
				TypeCache.ScanAssembly (576ms)
			BuildScriptInfoCaches (150ms)
			ResolveRequiredComponents (29ms)
	FinalizeReload (2861ms)
		ReleaseScriptCaches (0ms)
		RebuildScriptCaches (0ms)
		SetupLoadedEditorAssemblies (2129ms)
			LogAssemblyErrors (0ms)
			InitializePlatformSupportModulesInManaged (4ms)
			SetLoadedEditorAssemblies (12ms)
			BeforeProcessingInitializeOnLoad (414ms)
			ProcessInitializeOnLoadAttributes (911ms)
			ProcessInitializeOnLoadMethodAttributes (748ms)
			AfterProcessingInitializeOnLoad (40ms)
			EditorAssembliesLoaded (0ms)
		ExecutionOrderSort2 (0ms)
		AwakeInstancesAfterBackupRestoration (18ms)
Launched and connected shader compiler UnityShaderCompiler.exe after 0.30 seconds
Refreshing native plugins compatible for Editor in 35.48 ms, found 12 plugins.
Preloading 0 native plugins for Editor in 0.00 ms.
Unloading 212 Unused Serialized files (Serialized files now loaded: 0)
Unloading 6576 unused Assets / (6.7 MB). Loaded Objects now: 7243.
Memory consumption went from 158.8 MB to 152.2 MB.
Total: 37.453900 ms (FindLiveObjects: 1.135200 ms CreateObjectMapping: 2.944000 ms MarkObjects: 9.966100 ms  DeleteObjects: 23.406800 ms)

========================================================================
Received Import Request.
  Time since last request: 2070.269916 seconds.
  path: Assets/SteamVR/InteractionSystem/Longbow/Sounds/ArrowNock17.wav
  artifactKey: Guid(ece81cacdab36d745962207a515820a1) Importer(2089858483,192608db42251d675da83286b1cce702)
Start importing Assets/SteamVR/InteractionSystem/Longbow/Sounds/ArrowNock17.wav using Guid(ece81cacdab36d745962207a515820a1) Importer(2089858483,192608db42251d675da83286b1cce702) (ScriptedImporter) -> (artifact id: 'e5d8aa461aa3101aaa1cd739e28fc07f') in 0.6409325 seconds
Number of updated asset objects reloaded before import = 0Number of asset objects unloaded after import = 1

========================================================================
Received Import Request.
  Time since last request: 0.000048 seconds.
  path: Assets/SteamVR/InteractionSystem/Samples/Materials/ShinyWhiteHighlighted.mat
  artifactKey: Guid(6729a932de5127b419aacfd9be7dde0d) Importer(2089858483,192608db42251d675da83286b1cce702)
Start importing Assets/SteamVR/InteractionSystem/Samples/Materials/ShinyWhiteHighlighted.mat using Guid(6729a932de5127b419aacfd9be7dde0d) Importer(2089858483,192608db42251d675da83286b1cce702) (ScriptedImporter) -> (artifact id: '48537495ac9a5e1f6c00a8979c38c783') in 0.1042796 seconds
Number of updated asset objects reloaded before import = 0Number of asset objects unloaded after import = 1

========================================================================
Received Import Request.
  Time since last request: 0.000023 seconds.
  path: Assets/SteamVR/Editor/SteamVR_RenderModelEditor.cs
  artifactKey: Guid(67867a20919f7db45a2e7034fda1c28e) Importer(2089858483,192608db42251d675da83286b1cce702)
Start importing Assets/SteamVR/Editor/SteamVR_RenderModelEditor.cs using Guid(67867a20919f7db45a2e7034fda1c28e) Importer(2089858483,192608db42251d675da83286b1cce702) (ScriptedImporter) -> (artifact id: '8f327fa2688ccefda30d7fbfbdef2f1e') in 0.0449433 seconds
Number of updated asset objects reloaded before import = 0Number of asset objects unloaded after import = 0

========================================================================
Received Import Request.
  Time since last request: 0.000034 seconds.
  path: Assets/SteamVR/Prefabs/vr_glove_right_model_slim.prefab
  artifactKey: Guid(6def53d002137b747aec0b29551e0e25) Importer(2089858483,3d70f49cd1c2eb9ae422958d1c652c6b)
Start importing Assets/SteamVR/Prefabs/vr_glove_right_model_slim.prefab using Guid(6def53d002137b747aec0b29551e0e25) Importer(2089858483,3d70f49cd1c2eb9ae422958d1c652c6b) (ScriptedImporter) -> (artifact id: '64bf4ab69bf3b63ad4e63f0cbef1bac7') in 0.2228263 seconds
Number of updated asset objects reloaded before import = 0Number of asset objects unloaded after import = 81

========================================================================
Received Import Request.
  Time since last request: 0.000045 seconds.
  path: Assets/SteamVR/InteractionSystem/Samples/Scripts/FlowerPlanted.cs
  artifactKey: Guid(6a7c27a46b80a6445bffe44ea9e91cd0) Importer(2089858483,192608db42251d675da83286b1cce702)
Start importing Assets/SteamVR/InteractionSystem/Samples/Scripts/FlowerPlanted.cs using Guid(6a7c27a46b80a6445bffe44ea9e91cd0) Importer(2089858483,192608db42251d675da83286b1cce702) (ScriptedImporter) -> (artifact id: 'fbf562e39083f5fff0efd14091c0ac68') in 0.0637534 seconds
Number of updated asset objects reloaded before import = 0Number of asset objects unloaded after import = 0

========================================================================
Received Import Request.
  Time since last request: 0.000031 seconds.
  path: Assets/SteamVR/InteractionSystem/Core/Icons/vr_interaction_system_left_hand.png
  artifactKey: Guid(27f3faef5a63db84c9cbac06e94ab7b3) Importer(2089858483,192608db42251d675da83286b1cce702)
Start importing Assets/SteamVR/InteractionSystem/Core/Icons/vr_interaction_system_left_hand.png using Guid(27f3faef5a63db84c9cbac06e94ab7b3) Importer(2089858483,192608db42251d675da83286b1cce702) (ScriptedImporter) -> (artifact id: '4bd5c6df09a4510d963089ccee40186e') in 0.3222637 seconds
Number of updated asset objects reloaded before import = 0Number of asset objects unloaded after import = 1

========================================================================
Received Import Request.
  Time since last request: 0.000034 seconds.
  path: Assets/SteamVR/OpenVRUnityXRPackage/Editor
  artifactKey: Guid(ffd65d6a9f4d5994e8fa33d7d36c5828) Importer(2089858483,192608db42251d675da83286b1cce702)
Start importing Assets/SteamVR/OpenVRUnityXRPackage/Editor using Guid(ffd65d6a9f4d5994e8fa33d7d36c5828) Importer(2089858483,192608db42251d675da83286b1cce702) (ScriptedImporter) -> (artifact id: '28ed156aa67860720453c597b1db2902') in 0.022574 seconds
Number of updated asset objects reloaded before import = 0Number of asset objects unloaded after import = 1

========================================================================
Received Import Request.
  Time since last request: 0.000035 seconds.
  path: Assets/SteamVR/Materials/def.mat
  artifactKey: Guid(70c66109a93f33a4ead799f58a6b9ef5) Importer(2089858483,192608db42251d675da83286b1cce702)
Start importing Assets/SteamVR/Materials/def.mat using Guid(70c66109a93f33a4ead799f58a6b9ef5) Importer(2089858483,192608db42251d675da83286b1cce702) (ScriptedImporter) -> (artifact id: 'f8389e38b4d644af4a910c1f4e2e892e') in 0.0533799 seconds
Number of updated asset objects reloaded before import = 0Number of asset objects unloaded after import = 1

========================================================================
Received Import Request.
  Time since last request: 0.000025 seconds.
  path: Assets/SteamVR/InteractionSystem/Samples/Materials/LightGreen.mat
  artifactKey: Guid(80a6bae7122d17d4c9243b982a652788) Importer(2089858483,192608db42251d675da83286b1cce702)
Start importing Assets/SteamVR/InteractionSystem/Samples/Materials/LightGreen.mat using Guid(80a6bae7122d17d4c9243b982a652788) Importer(2089858483,192608db42251d675da83286b1cce702) (ScriptedImporter) -> (artifact id: '3d4fa9ff676879b4905735dcc69a373f') in 0.0388268 seconds
Number of updated asset objects reloaded before import = 0Number of asset objects unloaded after import = 3

========================================================================
Received Import Request.
  Time since last request: 0.000031 seconds.
  path: Assets/SteamVR/InteractionSystem/Core/Scripts/ControllerHoverHighlight.cs
  artifactKey: Guid(8ca2cc563cc33f542a5d9f8f661184ba) Importer(2089858483,192608db42251d675da83286b1cce702)
Start importing Assets/SteamVR/InteractionSystem/Core/Scripts/ControllerHoverHighlight.cs using Guid(8ca2cc563cc33f542a5d9f8f661184ba) Importer(2089858483,192608db42251d675da83286b1cce702) (ScriptedImporter) -> (artifact id: '23baa9c11c5e3244425041fb6a88e4b4') in 0.0251749 seconds
Number of updated asset objects reloaded before import = 0Number of asset objects unloaded after import = 0

========================================================================
Received Import Request.
  Time since last request: 0.000056 seconds.
  path: Assets/SteamVR/Scripts/SteamVR_Overlay.cs
  artifactKey: Guid(46fe9e0b23166454c8cb73040321d78c) Importer(2089858483,192608db42251d675da83286b1cce702)
Start importing Assets/SteamVR/Scripts/SteamVR_Overlay.cs using Guid(46fe9e0b23166454c8cb73040321d78c) Importer(2089858483,192608db42251d675da83286b1cce702) (ScriptedImporter) -> (artifact id: '939950639971581f80fa4cfe14f94684') in 0.0253973 seconds
Number of updated asset objects reloaded before import = 0Number of asset objects unloaded after import = 0

========================================================================
Received Import Request.
  Time since last request: 0.000024 seconds.
  path: Assets/SteamVR/Input/SteamVR_Skeleton_Pose.cs
  artifactKey: Guid(e90911e410742a1498a167540c7865bf) Importer(2089858483,192608db42251d675da83286b1cce702)
Start importing Assets/SteamVR/Input/SteamVR_Skeleton_Pose.cs using Guid(e90911e410742a1498a167540c7865bf) Importer(2089858483,192608db42251d675da83286b1cce702) (ScriptedImporter) -> (artifact id: '0aead691a48e3abaf165c80fff4ec6ad') in 0.0251635 seconds
Number of updated asset objects reloaded before import = 0Number of asset objects unloaded after import = 0

========================================================================
Received Import Request.
  Time since last request: 0.000022 seconds.
  path: Assets/SteamVR/InteractionSystem/Samples/Models/black_floor_metal_NRM.jpg
  artifactKey: Guid(35f6da91b7f761e45b32d5f613a851cd) Importer(2089858483,192608db42251d675da83286b1cce702)
Start importing Assets/SteamVR/InteractionSystem/Samples/Models/black_floor_metal_NRM.jpg using Guid(35f6da91b7f761e45b32d5f613a851cd) Importer(2089858483,192608db42251d675da83286b1cce702) (ScriptedImporter) -> (artifact id: 'f8261aa70371b3b1b1eba7891e31150c') in 0.0411355 seconds
Number of updated asset objects reloaded before import = 0Number of asset objects unloaded after import = 1

========================================================================
Received Import Request.
  Time since last request: 0.000028 seconds.
  path: Assets/SteamVR/InteractionSystem/Core/Prefabs/LeftRenderModel Alien.prefab
  artifactKey: Guid(d8d1e5711b2c77d48ac96e769aaff27a) Importer(2089858483,3d70f49cd1c2eb9ae422958d1c652c6b)
Start importing Assets/SteamVR/InteractionSystem/Core/Prefabs/LeftRenderModel Alien.prefab using Guid(d8d1e5711b2c77d48ac96e769aaff27a) Importer(2089858483,3d70f49cd1c2eb9ae422958d1c652c6b) (ScriptedImporter) -> (artifact id: '0f2f7fc2fed8d4aeb1a1dc5aa6257e97') in 0.0380014 seconds
Number of updated asset objects reloaded before import = 0Number of asset objects unloaded after import = 142

========================================================================
Received Import Request.
  Time since last request: 0.000048 seconds.
  path: Assets/SteamVR/InteractionSystem/Longbow/Sounds/ArrowRelease08.wav
  artifactKey: Guid(14d8c2eed68260f4d82a70201f2f19eb) Importer(2089858483,192608db42251d675da83286b1cce702)
Start importing Assets/SteamVR/InteractionSystem/Longbow/Sounds/ArrowRelease08.wav using Guid(14d8c2eed68260f4d82a70201f2f19eb) Importer(2089858483,192608db42251d675da83286b1cce702) (ScriptedImporter) -> (artifact id: '43d1260860b47ea7555bb7ec8393f5eb') in 0.0511601 seconds
Number of updated asset objects reloaded before import = 0Number of asset objects unloaded after import = 1

========================================================================
Received Import Request.
  Time since last request: 0.000026 seconds.
  path: Assets/SteamVR/InteractionSystem/Longbow/Prefabs/Longbow.prefab
  artifactKey: Guid(f1f5f898fbfdb80478825ce9b01fe8ae) Importer(2089858483,3d70f49cd1c2eb9ae422958d1c652c6b)
Start importing Assets/SteamVR/InteractionSystem/Longbow/Prefabs/Longbow.prefab using Guid(f1f5f898fbfdb80478825ce9b01fe8ae) Importer(2089858483,3d70f49cd1c2eb9ae422958d1c652c6b) (ScriptedImporter) -> (artifact id: 'f1472f582e48f52a435ddec49a5bbb5e') in 0.1566276 seconds
Number of updated asset objects reloaded before import = 0Number of asset objects unloaded after import = 462

========================================================================
Received Import Request.
  Time since last request: 0.000036 seconds.
  path: Assets/SteamVR/InteractionSystem/Samples/BuggyBuddy/UI/BuggyUI/steering.png
  artifactKey: Guid(91b480a4153c3a549ac9da4a987977e7) Importer(2089858483,192608db42251d675da83286b1cce702)
Start importing Assets/SteamVR/InteractionSystem/Samples/BuggyBuddy/UI/BuggyUI/steering.png using Guid(91b480a4153c3a549ac9da4a987977e7) Importer(2089858483,192608db42251d675da83286b1cce702) (ScriptedImporter) -> (artifact id: '9523a3f57fd7a9a46ea5ca4ad7bca36c') in 0.0629045 seconds
Number of updated asset objects reloaded before import = 0Number of asset objects unloaded after import = 3

========================================================================
Received Import Request.
  Time since last request: 0.000031 seconds.
  path: Assets/SteamVR/InteractionSystem/Core/Scripts
  artifactKey: Guid(77a23888f82e2ab4c8bc825f20235e1e) Importer(2089858483,192608db42251d675da83286b1cce702)
Start importing Assets/SteamVR/InteractionSystem/Core/Scripts using Guid(77a23888f82e2ab4c8bc825f20235e1e) Importer(2089858483,192608db42251d675da83286b1cce702) (ScriptedImporter) -> (artifact id: '78249df48ece59015b0a64131dd98906') in 0.0228652 seconds
Number of updated asset objects reloaded before import = 0Number of asset objects unloaded after import = 1

========================================================================
Received Import Request.
  Time since last request: 0.000026 seconds.
  path: Assets/SteamVR/InteractionSystem/Teleport/Materials/TeleportPointVisible.mat
  artifactKey: Guid(510c6e0b8b5c948458c2b4bc3de5a637) Importer(2089858483,192608db42251d675da83286b1cce702)
Start importing Assets/SteamVR/InteractionSystem/Teleport/Materials/TeleportPointVisible.mat using Guid(510c6e0b8b5c948458c2b4bc3de5a637) Importer(2089858483,192608db42251d675da83286b1cce702) (ScriptedImporter) -> (artifact id: '0bf17d370498a18c88e6d7d668661d7b') in 0.0269474 seconds
Number of updated asset objects reloaded before import = 0Number of asset objects unloaded after import = 2

========================================================================
Received Import Request.
  Time since last request: 0.000025 seconds.
  path: Assets/SteamVR/InteractionSystem/Poses/fallback_fist.asset
  artifactKey: Guid(45a635d0e1a43f14da0eb032aeb8dbcd) Importer(2089858483,192608db42251d675da83286b1cce702)
Start importing Assets/SteamVR/InteractionSystem/Poses/fallback_fist.asset using Guid(45a635d0e1a43f14da0eb032aeb8dbcd) Importer(2089858483,192608db42251d675da83286b1cce702) (ScriptedImporter) -> (artifact id: '6d52f5c1983b1deee3292327f4ff8574') in 0.0793509 seconds
Number of updated asset objects reloaded before import = 0Number of asset objects unloaded after import = 1

========================================================================
Received Import Request.
  Time since last request: 0.000028 seconds.
  path: Assets/SteamVR/InteractionSystem/Teleport/Materials/TeleportPlayspaceVisualize.mat
  artifactKey: Guid(e070196015a41bc419ea9e03ba170df5) Importer(2089858483,192608db42251d675da83286b1cce702)
Start importing Assets/SteamVR/InteractionSystem/Teleport/Materials/TeleportPlayspaceVisualize.mat using Guid(e070196015a41bc419ea9e03ba170df5) Importer(2089858483,192608db42251d675da83286b1cce702) (ScriptedImporter) -> (artifact id: 'f7db37f2a5ebba21bc5f7d2563d9de1b') in 0.030643 seconds
Number of updated asset objects reloaded before import = 0Number of asset objects unloaded after import = 2

========================================================================
Received Import Request.
  Time since last request: 0.000042 seconds.
  path: Assets/SteamVR/Prefabs/vr_glove_right.prefab
  artifactKey: Guid(5dc81ef5cae96304586abbc6e4b5beb8) Importer(2089858483,192608db42251d675da83286b1cce702)
Start importing Assets/SteamVR/Prefabs/vr_glove_right.prefab using Guid(5dc81ef5cae96304586abbc6e4b5beb8) Importer(2089858483,192608db42251d675da83286b1cce702) (ScriptedImporter) -> (artifact id: 'eb0678b74f017e707c2d76e09f3b68d9') in 0.0715048 seconds
Number of updated asset objects reloaded before import = 0Number of asset objects unloaded after import = 80

========================================================================
Received Import Request.
  Time since last request: 0.000033 seconds.
  path: Assets/SteamVR/InteractionSystem/Core/Scripts/ItemPackageSpawner.cs
  artifactKey: Guid(43e53a985809f0949b9a42cc2a6888c9) Importer(2089858483,192608db42251d675da83286b1cce702)
Start importing Assets/SteamVR/InteractionSystem/Core/Scripts/ItemPackageSpawner.cs using Guid(43e53a985809f0949b9a42cc2a6888c9) Importer(2089858483,192608db42251d675da83286b1cce702) (ScriptedImporter) -> (artifact id: '44ff5559a9869ed86862cbffc60266c8') in 0.023514 seconds
Number of updated asset objects reloaded before import = 0Number of asset objects unloaded after import = 0

========================================================================
Received Import Request.
  Time since last request: 0.000029 seconds.
  path: Assets/SteamVR/InteractionSystem/Core/Scripts/LinearDrive.cs
  artifactKey: Guid(8c81a27fd18a29444be92481fe681f4b) Importer(2089858483,192608db42251d675da83286b1cce702)
Start importing Assets/SteamVR/InteractionSystem/Core/Scripts/LinearDrive.cs using Guid(8c81a27fd18a29444be92481fe681f4b) Importer(2089858483,192608db42251d675da83286b1cce702) (ScriptedImporter) -> (artifact id: '81b1976a888dd4c9084bf0aebd125d95') in 0.0239148 seconds
Number of updated asset objects reloaded before import = 0Number of asset objects unloaded after import = 0

========================================================================
Received Import Request.
  Time since last request: 0.000046 seconds.
  path: Assets/SteamVR/InteractionSystem/Samples/Interactions_Example
  artifactKey: Guid(0b3ee0e8968f48f49a7e58606fa6cf91) Importer(2089858483,192608db42251d675da83286b1cce702)
Start importing Assets/SteamVR/InteractionSystem/Samples/Interactions_Example using Guid(0b3ee0e8968f48f49a7e58606fa6cf91) Importer(2089858483,192608db42251d675da83286b1cce702) (ScriptedImporter) -> (artifact id: 'b900f44aa8ea3eded5b6e92c0c468a58') in 0.0208386 seconds
Number of updated asset objects reloaded before import = 0Number of asset objects unloaded after import = 1

========================================================================
Received Import Request.
  Time since last request: 0.000025 seconds.
  path: Assets/SteamVR/InteractionSystem/Longbow/Scripts/FireSource.cs
  artifactKey: Guid(f86ab2e727cd09f43849955c5b35f490) Importer(2089858483,192608db42251d675da83286b1cce702)
Start importing Assets/SteamVR/InteractionSystem/Longbow/Scripts/FireSource.cs using Guid(f86ab2e727cd09f43849955c5b35f490) Importer(2089858483,192608db42251d675da83286b1cce702) (ScriptedImporter) -> (artifact id: 'f1d12189485bae20df664785ecc44289') in 0.0263089 seconds
Number of updated asset objects reloaded before import = 0Number of asset objects unloaded after import = 0

========================================================================
Received Import Request.
  Time since last request: 0.000026 seconds.
  path: Assets/SteamVR/InteractionSystem/Samples/Materials/Grey.mat
  artifactKey: Guid(07bcd4e0597eb0648b7a45624f2e0594) Importer(2089858483,192608db42251d675da83286b1cce702)
Start importing Assets/SteamVR/InteractionSystem/Samples/Materials/Grey.mat using Guid(07bcd4e0597eb0648b7a45624f2e0594) Importer(2089858483,192608db42251d675da83286b1cce702) (ScriptedImporter) -> (artifact id: '01390e5c28f9faf8c6f4df1239e3cbca') in 0.0271516 seconds
Number of updated asset objects reloaded before import = 0Number of asset objects unloaded after import = 1

========================================================================
Received Import Request.
  Time since last request: 0.000023 seconds.
  path: Assets/SteamVR/InteractionSystem/Longbow/Sounds/ArrowFireLoop01.wav
  artifactKey: Guid(3eefe61359ea80b469796e4eebb3c81b) Importer(2089858483,192608db42251d675da83286b1cce702)
Start importing Assets/SteamVR/InteractionSystem/Longbow/Sounds/ArrowFireLoop01.wav using Guid(3eefe61359ea80b469796e4eebb3c81b) Importer(2089858483,192608db42251d675da83286b1cce702) (ScriptedImporter) -> (artifact id: '3dff056d6ce64c630e0732295198c5fb') in 0.1698996 seconds
Number of updated asset objects reloaded before import = 0Number of asset objects unloaded after import = 1

========================================================================
Received Import Request.
  Time since last request: 0.000035 seconds.
  path: Assets/SteamVR/InteractionSystem/Core/Prefabs/RightRenderModelFloppy.prefab
  artifactKey: Guid(4c5fea2300124fe49a30168e29627064) Importer(2089858483,192608db42251d675da83286b1cce702)
Start importing Assets/SteamVR/InteractionSystem/Core/Prefabs/RightRenderModelFloppy.prefab using Guid(4c5fea2300124fe49a30168e29627064) Importer(2089858483,192608db42251d675da83286b1cce702) (ScriptedImporter) -> (artifact id: '5f450f165a26a808e7dd961cd6c3c280') in 0.0571505 seconds
Number of updated asset objects reloaded before import = 0Number of asset objects unloaded after import = 201

========================================================================
Received Import Request.
  Time since last request: 0.000034 seconds.
  path: Assets/SteamVR/InteractionSystem/Longbow/Sounds/ArrowAir06.wav
  artifactKey: Guid(e3148a98a2496e64cb8712177bbcde71) Importer(2089858483,192608db42251d675da83286b1cce702)
Start importing Assets/SteamVR/InteractionSystem/Longbow/Sounds/ArrowAir06.wav using Guid(e3148a98a2496e64cb8712177bbcde71) Importer(2089858483,192608db42251d675da83286b1cce702) (ScriptedImporter) -> (artifact id: '3d0bb948db8f9eb8ef1c9bcb8c92787f') in 0.0523755 seconds
Number of updated asset objects reloaded before import = 0Number of asset objects unloaded after import = 1

========================================================================
Received Import Request.
  Time since last request: 0.000030 seconds.
  path: Assets/SteamVR/InteractionSystem/Samples/JoeJeff/Animation/HumanoidStandTurn.fbx
  artifactKey: Guid(6fb3851da6a6f5948ab6892bee8ba920) Importer(2089858483,192608db42251d675da83286b1cce702)
Start importing Assets/SteamVR/InteractionSystem/Samples/JoeJeff/Animation/HumanoidStandTurn.fbx using Guid(6fb3851da6a6f5948ab6892bee8ba920) Importer(2089858483,192608db42251d675da83286b1cce702) (ScriptedImporter) -> (artifact id: '17cf1cde0995e9dbb6f6dd3782e712e6') in 0.1696499 seconds
Number of updated asset objects reloaded before import = 0Number of asset objects unloaded after import = 160

========================================================================
Received Import Request.
  Time since last request: 0.000432 seconds.
  path: Assets/SteamVR/Input/Editor/SteamVR_CopyExampleInputFiles.cs
  artifactKey: Guid(806facaa17de95d4794b0acbbad1268d) Importer(2089858483,192608db42251d675da83286b1cce702)
Start importing Assets/SteamVR/Input/Editor/SteamVR_CopyExampleInputFiles.cs using Guid(806facaa17de95d4794b0acbbad1268d) Importer(2089858483,192608db42251d675da83286b1cce702) (ScriptedImporter) -> (artifact id: '5fc68bc2ba01673e7b3048e866316d53') in 0.0361007 seconds
Number of updated asset objects reloaded before import = 0Number of asset objects unloaded after import = 0

========================================================================
Received Import Request.
  Time since last request: 0.000023 seconds.
  path: Assets/SteamVR/InteractionSystem/Teleport/Textures/TeleportMarker.psd
  artifactKey: Guid(ebc38d834b57e9d4d992de0a5470615a) Importer(2089858483,192608db42251d675da83286b1cce702)
Start importing Assets/SteamVR/InteractionSystem/Teleport/Textures/TeleportMarker.psd using Guid(ebc38d834b57e9d4d992de0a5470615a) Importer(2089858483,192608db42251d675da83286b1cce702) (ScriptedImporter) -> (artifact id: '848e92eeecedabb7d6d120332a0ea18f') in 0.0548041 seconds
Number of updated asset objects reloaded before import = 0Number of asset objects unloaded after import = 1

========================================================================
Received Import Request.
  Time since last request: 0.000029 seconds.
  path: Assets/SteamVR/InteractionSystem/Poses/longbowArrowPose.asset
  artifactKey: Guid(12d7f50e857b2f44a87430b50a8a0c25) Importer(2089858483,192608db42251d675da83286b1cce702)
Start importing Assets/SteamVR/InteractionSystem/Poses/longbowArrowPose.asset using Guid(12d7f50e857b2f44a87430b50a8a0c25) Importer(2089858483,192608db42251d675da83286b1cce702) (ScriptedImporter) -> (artifact id: '5bd7b678a1f63e2fd0247bd9bd1d8e53') in 0.0332117 seconds
Number of updated asset objects reloaded before import = 0Number of asset objects unloaded after import = 1

========================================================================
Received Import Request.
  Time since last request: 0.000039 seconds.
  path: Assets/SteamVR/InteractionSystem/Samples/JoeJeff/Animation/HumanoidRun.fbx
  artifactKey: Guid(1cb8ed3cbba15f0479fbae54e0a963df) Importer(2089858483,192608db42251d675da83286b1cce702)
Start importing Assets/SteamVR/InteractionSystem/Samples/JoeJeff/Animation/HumanoidRun.fbx using Guid(1cb8ed3cbba15f0479fbae54e0a963df) Importer(2089858483,192608db42251d675da83286b1cce702) (ScriptedImporter) -> (artifact id: '8029c990ca457712f562e02c7c5150c7') in 0.0542944 seconds
Number of updated asset objects reloaded before import = 0Number of asset objects unloaded after import = 157

========================================================================
Received Import Request.
  Time since last request: 0.000027 seconds.
  path: Assets/SteamVR/InteractionSystem/Teleport/Materials/TeleportAreaHighlighted.mat
  artifactKey: Guid(a8cac5516702311429fe7478ff4d7d05) Importer(2089858483,192608db42251d675da83286b1cce702)
Start importing Assets/SteamVR/InteractionSystem/Teleport/Materials/TeleportAreaHighlighted.mat using Guid(a8cac5516702311429fe7478ff4d7d05) Importer(2089858483,192608db42251d675da83286b1cce702) (ScriptedImporter) -> (artifact id: 'a575522651e03d654dd1736064fefd2f') in 0.0285628 seconds
Number of updated asset objects reloaded before import = 0Number of asset objects unloaded after import = 2

========================================================================
Received Import Request.
  Time since last request: 0.000029 seconds.
  path: Assets/SteamVR/InteractionSystem/Longbow/Sounds/LongbowPullBack10.wav
  artifactKey: Guid(aa14911b4b4eb894085dfe426f46ba98) Importer(2089858483,192608db42251d675da83286b1cce702)
Start importing Assets/SteamVR/InteractionSystem/Longbow/Sounds/LongbowPullBack10.wav using Guid(aa14911b4b4eb894085dfe426f46ba98) Importer(2089858483,192608db42251d675da83286b1cce702) (ScriptedImporter) -> (artifact id: '67345e4b004e4d1a904c1d1e3628240f') in 0.056109 seconds
Number of updated asset objects reloaded before import = 0Number of asset objects unloaded after import = 1

========================================================================
Received Import Request.
  Time since last request: 0.000026 seconds.
  path: Assets/SteamVR/Prefabs/vr_glove_left.prefab
  artifactKey: Guid(057574477c20401448aba7c848873712) Importer(2089858483,192608db42251d675da83286b1cce702)
Start importing Assets/SteamVR/Prefabs/vr_glove_left.prefab using Guid(057574477c20401448aba7c848873712) Importer(2089858483,192608db42251d675da83286b1cce702) (ScriptedImporter) -> (artifact id: 'e85667ee122ca74f9be3f89fb05f1671') in 0.0470599 seconds
Number of updated asset objects reloaded before import = 0Number of asset objects unloaded after import = 80

========================================================================
Received Import Request.
  Time since last request: 0.000043 seconds.
  path: Assets/SteamVR/Models/Materials/floppyHand Emit.png
  artifactKey: Guid(666af8d433621574ea153b525fceae88) Importer(2089858483,192608db42251d675da83286b1cce702)
Start importing Assets/SteamVR/Models/Materials/floppyHand Emit.png using Guid(666af8d433621574ea153b525fceae88) Importer(2089858483,192608db42251d675da83286b1cce702) (ScriptedImporter) -> (artifact id: 'b8887a7feaaf6c4357854d77e2fc3298') in 0.0513122 seconds
Number of updated asset objects reloaded before import = 0Number of asset objects unloaded after import = 1

========================================================================
Received Import Request.
  Time since last request: 0.000023 seconds.
  path: Assets/SteamVR/Input/SteamVR_Behaviour_SkeletonCustom.cs
  artifactKey: Guid(9e4c0a04a2f4ee942ba9bd5d7ceb7266) Importer(2089858483,192608db42251d675da83286b1cce702)
Start importing Assets/SteamVR/Input/SteamVR_Behaviour_SkeletonCustom.cs using Guid(9e4c0a04a2f4ee942ba9bd5d7ceb7266) Importer(2089858483,192608db42251d675da83286b1cce702) (ScriptedImporter) -> (artifact id: '59c5be7177d4da00562425259dace4bd') in 0.0248865 seconds
Number of updated asset objects reloaded before import = 0Number of asset objects unloaded after import = 0

========================================================================
Received Import Request.
  Time since last request: 0.000026 seconds.
  path: Assets/SteamVR/InteractionSystem/Samples/Models/Target.fbx
  artifactKey: Guid(d385554d73e74444094a4927b4201f1f) Importer(2089858483,192608db42251d675da83286b1cce702)
Start importing Assets/SteamVR/InteractionSystem/Samples/Models/Target.fbx using Guid(d385554d73e74444094a4927b4201f1f) Importer(2089858483,192608db42251d675da83286b1cce702) (ScriptedImporter) -> (artifact id: 'e4eb04bd48a7d5740d2bb020cc524412') in 0.0776974 seconds
Number of updated asset objects reloaded before import = 0Number of asset objects unloaded after import = 8

========================================================================
Received Import Request.
  Time since last request: 0.000063 seconds.
  path: Assets/SteamVR/InteractionSystem/Longbow/Sounds/TorchFireLoop01.wav
  artifactKey: Guid(b6fb03c27a50bde4c90aa0b2d201eab7) Importer(2089858483,192608db42251d675da83286b1cce702)
Start importing Assets/SteamVR/InteractionSystem/Longbow/Sounds/TorchFireLoop01.wav using Guid(b6fb03c27a50bde4c90aa0b2d201eab7) Importer(2089858483,192608db42251d675da83286b1cce702) (ScriptedImporter) -> (artifact id: '352c518ea48a58eafb676e9b421e17fb') in 0.1001553 seconds
Number of updated asset objects reloaded before import = 0Number of asset objects unloaded after import = 1

========================================================================
Received Import Request.
  Time since last request: 0.000067 seconds.
  path: Assets/SteamVR/InteractionSystem/Samples/BuggyBuddy/UI/BuggyUI/RPMCounterBorder.png
  artifactKey: Guid(27916dbd53464474fbd89dc6b88228ab) Importer(2089858483,192608db42251d675da83286b1cce702)
Start importing Assets/SteamVR/InteractionSystem/Samples/BuggyBuddy/UI/BuggyUI/RPMCounterBorder.png using Guid(27916dbd53464474fbd89dc6b88228ab) Importer(2089858483,192608db42251d675da83286b1cce702) (ScriptedImporter) -> (artifact id: 'c4694a8382a550a81cc6189eee9f69a0') in 0.0416546 seconds
Number of updated asset objects reloaded before import = 0Number of asset objects unloaded after import = 3

========================================================================
Received Import Request.
  Time since last request: 0.000023 seconds.
  path: Assets/SteamVR/InteractionSystem/Samples/Scripts/TargetMeasurement.cs
  artifactKey: Guid(ec342cce029750947a79c83ea47c42b9) Importer(2089858483,192608db42251d675da83286b1cce702)
Start importing Assets/SteamVR/InteractionSystem/Samples/Scripts/TargetMeasurement.cs using Guid(ec342cce029750947a79c83ea47c42b9) Importer(2089858483,192608db42251d675da83286b1cce702) (ScriptedImporter) -> (artifact id: '96be892bf236f65bdebfac23d380817b') in 0.0254112 seconds
Number of updated asset objects reloaded before import = 0Number of asset objects unloaded after import = 0

========================================================================
Received Import Request.
  Time since last request: 0.000029 seconds.
  path: Assets/SteamVR/InteractionSystem/Longbow/Materials/ItemPickupOutlineThick.mat
  artifactKey: Guid(425031c746a6df44aa1dfdb17c2b8b45) Importer(2089858483,192608db42251d675da83286b1cce702)
Start importing Assets/SteamVR/InteractionSystem/Longbow/Materials/ItemPickupOutlineThick.mat using Guid(425031c746a6df44aa1dfdb17c2b8b45) Importer(2089858483,192608db42251d675da83286b1cce702) (ScriptedImporter) -> (artifact id: 'aa51066707c78900bb0f229ba7b285d0') in 0.0293684 seconds
Number of updated asset objects reloaded before import = 0Number of asset objects unloaded after import = 1

========================================================================
Received Import Request.
  Time since last request: 0.000031 seconds.
  path: Assets/SteamVR/InteractionSystem/Samples/Materials/ShinyWhiteHand.mat
  artifactKey: Guid(5ebf65e069a3d3f4bbb68b42e5c4840e) Importer(2089858483,192608db42251d675da83286b1cce702)
Start importing Assets/SteamVR/InteractionSystem/Samples/Materials/ShinyWhiteHand.mat using Guid(5ebf65e069a3d3f4bbb68b42e5c4840e) Importer(2089858483,192608db42251d675da83286b1cce702) (ScriptedImporter) -> (artifact id: '20c59863b873377b3cfe5eb04a7ed90b') in 0.028435 seconds
Number of updated asset objects reloaded before import = 0Number of asset objects unloaded after import = 2

========================================================================
Received Import Request.
  Time since last request: 0.000039 seconds.
  path: Assets/SteamVR/InteractionSystem/Teleport/Materials/TeleportPointInvalid.mat
  artifactKey: Guid(75bd1350b322bc149ad4b79c719cb687) Importer(2089858483,192608db42251d675da83286b1cce702)
Start importing Assets/SteamVR/InteractionSystem/Teleport/Materials/TeleportPointInvalid.mat using Guid(75bd1350b322bc149ad4b79c719cb687) Importer(2089858483,192608db42251d675da83286b1cce702) (ScriptedImporter) -> (artifact id: '5c1fc68c4282616533ca3dffea8e98df') in 0.0270372 seconds
Number of updated asset objects reloaded before import = 0Number of asset objects unloaded after import = 2

========================================================================
Received Import Request.
  Time since last request: 0.000021 seconds.
  path: Assets/SteamVR/Input/SteamVR_Behaviour_Boolean.cs
  artifactKey: Guid(16a9b39235339104889bf8e9178fc630) Importer(2089858483,192608db42251d675da83286b1cce702)
Start importing Assets/SteamVR/Input/SteamVR_Behaviour_Boolean.cs using Guid(16a9b39235339104889bf8e9178fc630) Importer(2089858483,192608db42251d675da83286b1cce702) (ScriptedImporter) -> (artifact id: '51e5f52a2b9fdd75dd82a47a9f02cc2d') in 0.0243356 seconds
Number of updated asset objects reloaded before import = 0Number of asset objects unloaded after import = 0

========================================================================
Received Import Request.
  Time since last request: 0.000035 seconds.
  path: Assets/SteamVR/InteractionSystem/Longbow/Sounds/ArrowFallGround02.wav
  artifactKey: Guid(46bb1e3e014c28740ae8c96427da5270) Importer(2089858483,192608db42251d675da83286b1cce702)
Start importing Assets/SteamVR/InteractionSystem/Longbow/Sounds/ArrowFallGround02.wav using Guid(46bb1e3e014c28740ae8c96427da5270) Importer(2089858483,192608db42251d675da83286b1cce702) (ScriptedImporter) -> (artifact id: '00fb78de33c43aa69999d9b270872a1a') in 0.0747234 seconds
Number of updated asset objects reloaded before import = 0Number of asset objects unloaded after import = 1

========================================================================
Received Import Request.
  Time since last request: 0.000030 seconds.
  path: Assets/SteamVR/InteractionSystem/Longbow/Sounds/ArrowFallGround07.wav
  artifactKey: Guid(128eba63f6457ff41a65fbae1979778e) Importer(2089858483,192608db42251d675da83286b1cce702)
Start importing Assets/SteamVR/InteractionSystem/Longbow/Sounds/ArrowFallGround07.wav using Guid(128eba63f6457ff41a65fbae1979778e) Importer(2089858483,192608db42251d675da83286b1cce702) (ScriptedImporter) -> (artifact id: '9850a524d6f1b8ffbe7d6bfec0491f74') in 0.0498666 seconds
Number of updated asset objects reloaded before import = 0Number of asset objects unloaded after import = 1

========================================================================
Received Import Request.
  Time since last request: 0.000036 seconds.
  path: Assets/SteamVR/InteractionSystem/Samples/Models/Table.prefab
  artifactKey: Guid(f11886bad7ca13742ba0be955318d952) Importer(2089858483,192608db42251d675da83286b1cce702)
Start importing Assets/SteamVR/InteractionSystem/Samples/Models/Table.prefab using Guid(f11886bad7ca13742ba0be955318d952) Importer(2089858483,192608db42251d675da83286b1cce702) (ScriptedImporter) -> (artifact id: '4fd1c6fb9c636d01df5518c1b8e5c596') in 0.0457408 seconds
Number of updated asset objects reloaded before import = 0Number of asset objects unloaded after import = 9

========================================================================
Received Import Request.
  Time since last request: 0.000025 seconds.
  path: Assets/SteamVR/InteractionSystem/Core/Scripts/SpawnAndAttachAfterControllerIsTracking.cs
  artifactKey: Guid(6ad167161b0bf8e4d9c038db358e0a28) Importer(2089858483,192608db42251d675da83286b1cce702)
Start importing Assets/SteamVR/InteractionSystem/Core/Scripts/SpawnAndAttachAfterControllerIsTracking.cs using Guid(6ad167161b0bf8e4d9c038db358e0a28) Importer(2089858483,192608db42251d675da83286b1cce702) (ScriptedImporter) -> (artifact id: 'fb9b08fb65c124c13e0885812e3d717f') in 0.0267374 seconds
Number of updated asset objects reloaded before import = 0Number of asset objects unloaded after import = 0

========================================================================
Received Import Request.
  Time since last request: 0.000030 seconds.
  path: Assets/SteamVR/InteractionSystem/Samples/Squishy/Textures/gooNoise.png
  artifactKey: Guid(1250643187cd6e84f873b5efc80f049d) Importer(2089858483,192608db42251d675da83286b1cce702)
Start importing Assets/SteamVR/InteractionSystem/Samples/Squishy/Textures/gooNoise.png using Guid(1250643187cd6e84f873b5efc80f049d) Importer(2089858483,192608db42251d675da83286b1cce702) (ScriptedImporter) -> (artifact id: '490259079038a326e4e7b8078360bba5') in 0.0474434 seconds
Number of updated asset objects reloaded before import = 0Number of asset objects unloaded after import = 1

========================================================================
Received Import Request.
  Time since last request: 0.000043 seconds.
  path: Assets/SteamVR/Input/SteamVR_Skeleton_Poser.cs
  artifactKey: Guid(e7418c7dd8f977d4e969202d3fa7e926) Importer(2089858483,192608db42251d675da83286b1cce702)
Start importing Assets/SteamVR/Input/SteamVR_Skeleton_Poser.cs using Guid(e7418c7dd8f977d4e969202d3fa7e926) Importer(2089858483,192608db42251d675da83286b1cce702) (ScriptedImporter) -> (artifact id: '9fa13f25876f83e627546df5de5b7377') in 0.0256976 seconds
Number of updated asset objects reloaded before import = 0Number of asset objects unloaded after import = 0

========================================================================
Received Import Request.
  Time since last request: 0.000023 seconds.
  path: Assets/SteamVR/InteractionSystem/Core/Scripts/ModalThrowable.cs
  artifactKey: Guid(d9172bbb2e6dd7e4a86c0d1ea19b7e49) Importer(2089858483,192608db42251d675da83286b1cce702)
Start importing Assets/SteamVR/InteractionSystem/Core/Scripts/ModalThrowable.cs using Guid(d9172bbb2e6dd7e4a86c0d1ea19b7e49) Importer(2089858483,192608db42251d675da83286b1cce702) (ScriptedImporter) -> (artifact id: '32b6a8b3f421a885f6d8984c5438f95f') in 0.021002 seconds
Number of updated asset objects reloaded before import = 0Number of asset objects unloaded after import = 0

========================================================================
Received Import Request.
  Time since last request: 0.000124 seconds.
  path: Assets/SteamVR/InteractionSystem/Samples/JoeJeff/Materials/JoeJeff.mat
  artifactKey: Guid(50cdd0e6236971841b9868ca3c32ac0b) Importer(2089858483,192608db42251d675da83286b1cce702)
Start importing Assets/SteamVR/InteractionSystem/Samples/JoeJeff/Materials/JoeJeff.mat using Guid(50cdd0e6236971841b9868ca3c32ac0b) Importer(2089858483,192608db42251d675da83286b1cce702) (ScriptedImporter) -> (artifact id: '09dc946180717e1e7281e2d742464923') in 0.0428267 seconds
Number of updated asset objects reloaded before import = 0Number of asset objects unloaded after import = 4

========================================================================
Received Import Request.
  Time since last request: 0.000045 seconds.
  path: Assets/SteamVR/Input/SteamVR_Action_Boolean.cs
  artifactKey: Guid(7c3d755cf6cc936488afcb037b69341e) Importer(2089858483,192608db42251d675da83286b1cce702)
Start importing Assets/SteamVR/Input/SteamVR_Action_Boolean.cs using Guid(7c3d755cf6cc936488afcb037b69341e) Importer(2089858483,192608db42251d675da83286b1cce702) (ScriptedImporter) -> (artifact id: '22a06c1c57716ec8af8d836640ed8d5f') in 0.0258368 seconds
Number of updated asset objects reloaded before import = 0Number of asset objects unloaded after import = 0

========================================================================
Received Import Request.
  Time since last request: 0.000027 seconds.
  path: Assets/SteamVR/InteractionSystem/Longbow/Sounds/LongbowPullBack13.wav
  artifactKey: Guid(48e7e7e907cb4de4e89ebb5f2ecb5674) Importer(2089858483,192608db42251d675da83286b1cce702)
Start importing Assets/SteamVR/InteractionSystem/Longbow/Sounds/LongbowPullBack13.wav using Guid(48e7e7e907cb4de4e89ebb5f2ecb5674) Importer(2089858483,192608db42251d675da83286b1cce702) (ScriptedImporter) -> (artifact id: 'bb54b907010100c5c57c033789755d32') in 0.071265 seconds
Number of updated asset objects reloaded before import = 0Number of asset objects unloaded after import = 1

========================================================================
Received Import Request.
  Time since last request: 0.000029 seconds.
  path: Assets/SteamVR/InteractionSystem/Teleport/Materials URP/URPTeleportAreaVisible.mat
  artifactKey: Guid(d2bbbd01c5b7a6b4bb5a1316f21fc1ff) Importer(2089858483,192608db42251d675da83286b1cce702)
Start importing Assets/SteamVR/InteractionSystem/Teleport/Materials URP/URPTeleportAreaVisible.mat using Guid(d2bbbd01c5b7a6b4bb5a1316f21fc1ff) Importer(2089858483,192608db42251d675da83286b1cce702) (ScriptedImporter) -> (artifact id: '81e38be9be845156ef1d3a7bf7639ea0') in 0.0454951 seconds
Number of updated asset objects reloaded before import = 0Number of asset objects unloaded after import = 2

========================================================================
Received Import Request.
  Time since last request: 0.000037 seconds.
  path: Assets/SteamVR/InteractionSystem/Samples/BuggyBuddy/Materials
  artifactKey: Guid(390174fc372a2bc41a4ee782e77e942c) Importer(2089858483,192608db42251d675da83286b1cce702)
Start importing Assets/SteamVR/InteractionSystem/Samples/BuggyBuddy/Materials using Guid(390174fc372a2bc41a4ee782e77e942c) Importer(2089858483,192608db42251d675da83286b1cce702) (ScriptedImporter) -> (artifact id: '369a39ec3a3c0b1a3e0e10f1b5882c73') in 0.0381065 seconds
Number of updated asset objects reloaded before import = 0Number of asset objects unloaded after import = 1

========================================================================
Received Import Request.
  Time since last request: 0.000024 seconds.
  path: Assets/SteamVR/Input/Editor/SteamVR_Input_Action_Skeleton_PropertyEditor.cs
  artifactKey: Guid(67e9f92e8ad511b47ac9bd0e49834d0f) Importer(2089858483,192608db42251d675da83286b1cce702)
Start importing Assets/SteamVR/Input/Editor/SteamVR_Input_Action_Skeleton_PropertyEditor.cs using Guid(67e9f92e8ad511b47ac9bd0e49834d0f) Importer(2089858483,192608db42251d675da83286b1cce702) (ScriptedImporter) -> (artifact id: '5dc42c43ea5c19be1915af249980634d') in 0.0281399 seconds
Number of updated asset objects reloaded before import = 0Number of asset objects unloaded after import = 0

========================================================================
Received Import Request.
  Time since last request: 0.000034 seconds.
  path: Assets/SteamVR/InteractionSystem/Samples/Grenade/Nade_Nade_MetallicSmoothness.png
  artifactKey: Guid(e8ebb31845152d24e9c6dfa0e2ba47e6) Importer(2089858483,192608db42251d675da83286b1cce702)
Start importing Assets/SteamVR/InteractionSystem/Samples/Grenade/Nade_Nade_MetallicSmoothness.png using Guid(e8ebb31845152d24e9c6dfa0e2ba47e6) Importer(2089858483,192608db42251d675da83286b1cce702) (ScriptedImporter) -> (artifact id: '4ff7f1bb118b4c6babcbe6846618fdd2') in 0.0444546 seconds
Number of updated asset objects reloaded before import = 0Number of asset objects unloaded after import = 1

========================================================================
Received Import Request.
  Time since last request: 0.000039 seconds.
  path: Assets/SteamVR/InteractionSystem/Samples/Models
  artifactKey: Guid(0f4815448fea8a84d99c4b54cd5587ed) Importer(2089858483,192608db42251d675da83286b1cce702)
Start importing Assets/SteamVR/InteractionSystem/Samples/Models using Guid(0f4815448fea8a84d99c4b54cd5587ed) Importer(2089858483,192608db42251d675da83286b1cce702) (ScriptedImporter) -> (artifact id: '6291c378a0eda637ad6cacc3682659f8') in 0.0221691 seconds
Number of updated asset objects reloaded before import = 0Number of asset objects unloaded after import = 1

========================================================================
Received Import Request.
  Time since last request: 0.000032 seconds.
  path: Assets/SteamVR/InteractionSystem/Core/Scripts/BodyCollider.cs
  artifactKey: Guid(1731d642c0b250b48bb8cdfb153d9792) Importer(2089858483,192608db42251d675da83286b1cce702)
Start importing Assets/SteamVR/InteractionSystem/Core/Scripts/BodyCollider.cs using Guid(1731d642c0b250b48bb8cdfb153d9792) Importer(2089858483,192608db42251d675da83286b1cce702) (ScriptedImporter) -> (artifact id: '58e0889e3558484b2c2c55640d8224f5') in 0.0243685 seconds
Number of updated asset objects reloaded before import = 0Number of asset objects unloaded after import = 0

========================================================================
Received Import Request.
  Time since last request: 0.000021 seconds.
  path: Assets/StreamingAssets/SteamVR/binding_vive_tracker_camera.json
  artifactKey: Guid(e861df62b22878040bb3c1de50055e57) Importer(2089858483,192608db42251d675da83286b1cce702)
Start importing Assets/StreamingAssets/SteamVR/binding_vive_tracker_camera.json using Guid(e861df62b22878040bb3c1de50055e57) Importer(2089858483,192608db42251d675da83286b1cce702) (ScriptedImporter) -> (artifact id: 'fd9f2de06f02ee643a3518140900ca2a') in 0.0234474 seconds
Number of updated asset objects reloaded before import = 0Number of asset objects unloaded after import = 1

========================================================================
Received Import Request.
  Time since last request: 0.000029 seconds.
  path: Assets/SteamVR/InteractionSystem/Longbow/Sounds/ArrowNock01.wav
  artifactKey: Guid(554ae4ff7aa47c0478d95d78e6a9be6b) Importer(2089858483,192608db42251d675da83286b1cce702)
Start importing Assets/SteamVR/InteractionSystem/Longbow/Sounds/ArrowNock01.wav using Guid(554ae4ff7aa47c0478d95d78e6a9be6b) Importer(2089858483,192608db42251d675da83286b1cce702) (ScriptedImporter) -> (artifact id: '4d9a7f2378affc6451b3dfb30884a78d') in 0.0535469 seconds
Number of updated asset objects reloaded before import = 0Number of asset objects unloaded after import = 1

========================================================================
Received Import Request.
  Time since last request: 0.000029 seconds.
  path: Assets/StreamingAssets/SteamVR
  artifactKey: Guid(d608965bf902bf94bb557d2303538ebf) Importer(2089858483,192608db42251d675da83286b1cce702)
Start importing Assets/StreamingAssets/SteamVR using Guid(d608965bf902bf94bb557d2303538ebf) Importer(2089858483,192608db42251d675da83286b1cce702) (ScriptedImporter) -> (artifact id: 'e4ec02a8136d421c4243d364ad87058b') in 0.0217317 seconds
Number of updated asset objects reloaded before import = 0Number of asset objects unloaded after import = 1

========================================================================
Received Import Request.
  Time since last request: 0.000025 seconds.
  path: Assets/StreamingAssets/SteamVR/bindings_holographic_controller.json
  artifactKey: Guid(62d4966c96f11f145a05d35111c98efe) Importer(2089858483,192608db42251d675da83286b1cce702)
Start importing Assets/StreamingAssets/SteamVR/bindings_holographic_controller.json using Guid(62d4966c96f11f145a05d35111c98efe) Importer(2089858483,192608db42251d675da83286b1cce702) (ScriptedImporter) -> (artifact id: 'f283e2b7930f2ba2b59d365d1a8fb952') in 0.0250807 seconds
Number of updated asset objects reloaded before import = 0Number of asset objects unloaded after import = 1

========================================================================
Received Import Request.
  Time since last request: 0.000024 seconds.
  path: Assets/IgniteCoders/Simple Water Shader/Demo.unity
  artifactKey: Guid(d1c3109bdb54ad54c8a2b2838528e640) Importer(2089858483,192608db42251d675da83286b1cce702)
Start importing Assets/IgniteCoders/Simple Water Shader/Demo.unity using Guid(d1c3109bdb54ad54c8a2b2838528e640) Importer(2089858483,192608db42251d675da83286b1cce702) (ScriptedImporter) -> (artifact id: '25db40edec3dc775af2aa98520f4a9c3') in 0.0247978 seconds
Number of updated asset objects reloaded before import = 0Number of asset objects unloaded after import = 1

========================================================================
Received Import Request.
  Time since last request: 0.000031 seconds.
  path: Assets/IgniteCoders/Simple Water Shader/Resources/Water_mat_01.mat
  artifactKey: Guid(141d9d6ca43b6c843965491604c6deff) Importer(2089858483,192608db42251d675da83286b1cce702)
Start importing Assets/IgniteCoders/Simple Water Shader/Resources/Water_mat_01.mat using Guid(141d9d6ca43b6c843965491604c6deff) Importer(2089858483,192608db42251d675da83286b1cce702) (ScriptedImporter) -> (artifact id: 'c6c931903bbd29d2ff96cd494ccf4916') in 0.040842 seconds
Number of updated asset objects reloaded before import = 0Number of asset objects unloaded after import = 8

========================================================================
Received Import Request.
  Time since last request: 0.000035 seconds.
  path: Assets/TutorialInfo/Icons/Water Shader icon.PNG
  artifactKey: Guid(766a7edc5f25e3b4daafb5554da17927) Importer(2089858483,192608db42251d675da83286b1cce702)
Start importing Assets/TutorialInfo/Icons/Water Shader icon.PNG using Guid(766a7edc5f25e3b4daafb5554da17927) Importer(2089858483,192608db42251d675da83286b1cce702) (ScriptedImporter) -> (artifact id: '39ca42802d0de4efbfb3b3e96bf0c93d') in 0.0440808 seconds
Number of updated asset objects reloaded before import = 0Number of asset objects unloaded after import = 1

========================================================================
Received Import Request.
  Time since last request: 0.000029 seconds.
  path: Assets/IgniteCoders/Simple Water Shader/Resources/WaterReflection.cs
  artifactKey: Guid(dfbe97460f8acd1488a82178305cdf59) Importer(2089858483,192608db42251d675da83286b1cce702)
Start importing Assets/IgniteCoders/Simple Water Shader/Resources/WaterReflection.cs using Guid(dfbe97460f8acd1488a82178305cdf59) Importer(2089858483,192608db42251d675da83286b1cce702) (ScriptedImporter) -> (artifact id: '42487fbae9b54d6af211406077cffb95') in 0.0221715 seconds
Number of updated asset objects reloaded before import = 0Number of asset objects unloaded after import = 0

========================================================================
Received Import Request.
  Time since last request: 0.000027 seconds.
  path: Assets/SteamVR/Input/SteamVR_Input_Sources.cs
  artifactKey: Guid(c2cbd60e2aad2b7468204d5a69489739) Importer(2089858483,192608db42251d675da83286b1cce702)
Start importing Assets/SteamVR/Input/SteamVR_Input_Sources.cs using Guid(c2cbd60e2aad2b7468204d5a69489739) Importer(2089858483,192608db42251d675da83286b1cce702) (ScriptedImporter) -> (artifact id: '1ad118342ca1d9a4800483d125ff8084') in 0.0242582 seconds
Number of updated asset objects reloaded before import = 0Number of asset objects unloaded after import = 0

========================================================================
Received Import Request.
  Time since last request: 0.000038 seconds.
  path: Assets/SteamVR/InteractionSystem/Samples/Prefabs/TargetHitEffect.prefab
  artifactKey: Guid(ada35c93b68ad004d9b4e7bd686cf189) Importer(2089858483,3d70f49cd1c2eb9ae422958d1c652c6b)
Start importing Assets/SteamVR/InteractionSystem/Samples/Prefabs/TargetHitEffect.prefab using Guid(ada35c93b68ad004d9b4e7bd686cf189) Importer(2089858483,3d70f49cd1c2eb9ae422958d1c652c6b) (ScriptedImporter) -> (artifact id: '7f728b03e1002e5d34c9d0ce7121db54') in 0.0821997 seconds
Number of updated asset objects reloaded before import = 0Number of asset objects unloaded after import = 103

========================================================================
Received Import Request.
  Time since last request: 0.000048 seconds.
  path: Assets/SteamVR/InteractionSystem/Samples/BuggyBuddy/Textures/Buggy_LO_Buggy_Emission.png
  artifactKey: Guid(30117bfc3ff66ef4cbbbe29471780687) Importer(2089858483,192608db42251d675da83286b1cce702)
Start importing Assets/SteamVR/InteractionSystem/Samples/BuggyBuddy/Textures/Buggy_LO_Buggy_Emission.png using Guid(30117bfc3ff66ef4cbbbe29471780687) Importer(2089858483,192608db42251d675da83286b1cce702) (ScriptedImporter) -> (artifact id: '1a3f5386c5480438cf9440c0350a4f04') in 0.0408376 seconds
Number of updated asset objects reloaded before import = 0Number of asset objects unloaded after import = 1

========================================================================
Received Import Request.
  Time since last request: 0.000025 seconds.
  path: Assets/SteamVR/InteractionSystem/Samples/Models/black_floor_metal_MET.png
  artifactKey: Guid(566dfbaf1df81b340b9dc831f02883c6) Importer(2089858483,192608db42251d675da83286b1cce702)
Start importing Assets/SteamVR/InteractionSystem/Samples/Models/black_floor_metal_MET.png using Guid(566dfbaf1df81b340b9dc831f02883c6) Importer(2089858483,192608db42251d675da83286b1cce702) (ScriptedImporter) -> (artifact id: '26e6ce9d424fbaec40d064ca252e7b2a') in 0.0388001 seconds
Number of updated asset objects reloaded before import = 0Number of asset objects unloaded after import = 1

========================================================================
Received Import Request.
  Time since last request: 0.000028 seconds.
  path: Assets/SteamVR/Prefabs
  artifactKey: Guid(3e2543c4beea3eb4e9ea1e02a4bc2df2) Importer(2089858483,192608db42251d675da83286b1cce702)
Start importing Assets/SteamVR/Prefabs using Guid(3e2543c4beea3eb4e9ea1e02a4bc2df2) Importer(2089858483,192608db42251d675da83286b1cce702) (ScriptedImporter) -> (artifact id: 'bcc169ecf50725091645cb334e06de18') in 0.0281449 seconds
Number of updated asset objects reloaded before import = 0Number of asset objects unloaded after import = 1

========================================================================
Received Import Request.
  Time since last request: 0.000046 seconds.
  path: Assets/SteamVR/InteractionSystem/Samples/Textures/measurementTape.png
  artifactKey: Guid(9358cb3541f30894c857da8e20533484) Importer(2089858483,192608db42251d675da83286b1cce702)
Start importing Assets/SteamVR/InteractionSystem/Samples/Textures/measurementTape.png using Guid(9358cb3541f30894c857da8e20533484) Importer(2089858483,192608db42251d675da83286b1cce702) (ScriptedImporter) -> (artifact id: '53edd01e7bdb5c08553d5dd6c144bcbb') in 0.03671 seconds
Number of updated asset objects reloaded before import = 0Number of asset objects unloaded after import = 1

========================================================================
Received Import Request.
  Time since last request: 0.000020 seconds.
  path: Assets/SteamVR/Resources/SteamVR_HoverHighlight.mat
  artifactKey: Guid(3f7b904f6bd0b77429148042b0254530) Importer(2089858483,192608db42251d675da83286b1cce702)
Start importing Assets/SteamVR/Resources/SteamVR_HoverHighlight.mat using Guid(3f7b904f6bd0b77429148042b0254530) Importer(2089858483,192608db42251d675da83286b1cce702) (ScriptedImporter) -> (artifact id: 'a05712ca3b184c4a9ab8b9192c386ff7') in 0.0244814 seconds
Number of updated asset objects reloaded before import = 0Number of asset objects unloaded after import = 1

========================================================================
Received Import Request.
  Time since last request: 0.000023 seconds.
  path: Assets/SteamVR/InteractionSystem/SnapTurn/snapTurnArrow.mat
  artifactKey: Guid(b1e683e8bf011f94ab3c2f6d097aa87c) Importer(2089858483,192608db42251d675da83286b1cce702)
Start importing Assets/SteamVR/InteractionSystem/SnapTurn/snapTurnArrow.mat using Guid(b1e683e8bf011f94ab3c2f6d097aa87c) Importer(2089858483,192608db42251d675da83286b1cce702) (ScriptedImporter) -> (artifact id: '6ee8d8c832c942d200094673556404fd') in 0.024264 seconds
Number of updated asset objects reloaded before import = 0Number of asset objects unloaded after import = 1

========================================================================
Received Import Request.
  Time since last request: 73.656064 seconds.
  path: Assets/SteamVR/InteractionSystem/Core/Materials/SteamVRControllerModel.mat
  artifactKey: Guid(3c433e134e4719444b65bf064a77e22e) Importer(2089858483,192608db42251d675da83286b1cce702)
Start importing Assets/SteamVR/InteractionSystem/Core/Materials/SteamVRControllerModel.mat using Guid(3c433e134e4719444b65bf064a77e22e) Importer(2089858483,192608db42251d675da83286b1cce702) (ScriptedImporter) -> (artifact id: 'ca99fbf83fed9c16af05ed517c8cfa05') in 0.0178243 seconds
Number of updated asset objects reloaded before import = 0Number of asset objects unloaded after import = 1

========================================================================
Received Import Request.
  Time since last request: 0.000026 seconds.
  path: Assets/SteamVR/InteractionSystem/Samples/Materials/Grey.mat
  artifactKey: Guid(07bcd4e0597eb0648b7a45624f2e0594) Importer(2089858483,192608db42251d675da83286b1cce702)
Start importing Assets/SteamVR/InteractionSystem/Samples/Materials/Grey.mat using Guid(07bcd4e0597eb0648b7a45624f2e0594) Importer(2089858483,192608db42251d675da83286b1cce702) (ScriptedImporter) -> (artifact id: 'edb76dd449ec60744a0d32a97e8bebdd') in 0.0237542 seconds
Number of updated asset objects reloaded before import = 0Number of asset objects unloaded after import = 1

========================================================================
Received Import Request.
  Time since last request: 0.000034 seconds.
  path: Assets/SteamVR/InteractionSystem/Samples/Grenade/Grenade.mat
  artifactKey: Guid(7156e712e2c3e7944a1ccdaf56734abb) Importer(2089858483,192608db42251d675da83286b1cce702)
Start importing Assets/SteamVR/InteractionSystem/Samples/Grenade/Grenade.mat using Guid(7156e712e2c3e7944a1ccdaf56734abb) Importer(2089858483,192608db42251d675da83286b1cce702) (ScriptedImporter) -> (artifact id: 'f6344ef4b7e80ecb35ff834e671dcc1f') in 0.0292331 seconds
Number of updated asset objects reloaded before import = 0Number of asset objects unloaded after import = 4

========================================================================
Received Import Request.
  Time since last request: 0.563166 seconds.
  path: Assets/SteamVR/InteractionSystem/Samples/Interactions_Example.unity
  artifactKey: Guid(e3b77830391f10343929883b18f4d5ae) Importer(815301076,1909f56bfc062723c751e8b465ee728b)
Start importing Assets/SteamVR/InteractionSystem/Samples/Interactions_Example.unity using Guid(e3b77830391f10343929883b18f4d5ae) Importer(815301076,1909f56bfc062723c751e8b465ee728b) (PreviewImporter) -> (artifact id: 'e2559bb8b7301284cb85bf2462688c3e') in 0.0014079 seconds
Number of updated asset objects reloaded before import = 0Number of asset objects unloaded after import = 0

========================================================================
Received Import Request.
  Time since last request: 9.512040 seconds.
  path: Assets/SteamVR/InteractionSystem/Samples/Models/Materials/weird table.mat
  artifactKey: Guid(d07127d506ba1204e94715378a104735) Importer(2089858483,192608db42251d675da83286b1cce702)
Start importing Assets/SteamVR/InteractionSystem/Samples/Models/Materials/weird table.mat using Guid(d07127d506ba1204e94715378a104735) Importer(2089858483,192608db42251d675da83286b1cce702) (ScriptedImporter) -> (artifact id: 'a398c69170fa18dd1aac5325ffb1598f') in 0.0389471 seconds
Number of updated asset objects reloaded before import = 0Number of asset objects unloaded after import = 4

========================================================================
Received Import Request.
  Time since last request: 0.000023 seconds.
  path: Assets/SteamVR/InteractionSystem/Samples/Models/Materials/Furniture.mat
  artifactKey: Guid(44849d41e6077f145a95f87372b6b598) Importer(2089858483,192608db42251d675da83286b1cce702)
Start importing Assets/SteamVR/InteractionSystem/Samples/Models/Materials/Furniture.mat using Guid(44849d41e6077f145a95f87372b6b598) Importer(2089858483,192608db42251d675da83286b1cce702) (ScriptedImporter) -> (artifact id: '5ad3d91ac30b3034c751a1da29b7c0ca') in 0.0303599 seconds
Number of updated asset objects reloaded before import = 0Number of asset objects unloaded after import = 4

========================================================================
Received Import Request.
  Time since last request: 0.000035 seconds.
  path: Assets/SteamVR/Models/Materials/knuckles_right.mat
  artifactKey: Guid(dc89eae32e82ada4b873dd07678c67e8) Importer(2089858483,192608db42251d675da83286b1cce702)
Start importing Assets/SteamVR/Models/Materials/knuckles_right.mat using Guid(dc89eae32e82ada4b873dd07678c67e8) Importer(2089858483,192608db42251d675da83286b1cce702) (ScriptedImporter) -> (artifact id: '080fd69b76f2dd79a40a71b0326124e4') in 0.019285 seconds
Number of updated asset objects reloaded before import = 0Number of asset objects unloaded after import = 1

========================================================================
Received Import Request.
  Time since last request: 0.000019 seconds.
  path: Assets/SteamVR/Simple Sample.unity
  artifactKey: Guid(55f0e497bac1408458ff9dcebe0b775a) Importer(2089858483,192608db42251d675da83286b1cce702)
Start importing Assets/SteamVR/Simple Sample.unity using Guid(55f0e497bac1408458ff9dcebe0b775a) Importer(2089858483,192608db42251d675da83286b1cce702) (ScriptedImporter) -> (artifact id: '0254b3deeee167acad5961dd6adda163') in 0.0176143 seconds
Number of updated asset objects reloaded before import = 0Number of asset objects unloaded after import = 1

========================================================================
Received Import Request.
  Time since last request: 0.000017 seconds.
  path: Assets/SteamVR/InteractionSystem/Samples/BuggyBuddy/Materials/BuggyController__Controller.mat
  artifactKey: Guid(4408e8645ee827345aa56eee531f96e5) Importer(2089858483,192608db42251d675da83286b1cce702)
Start importing Assets/SteamVR/InteractionSystem/Samples/BuggyBuddy/Materials/BuggyController__Controller.mat using Guid(4408e8645ee827345aa56eee531f96e5) Importer(2089858483,192608db42251d675da83286b1cce702) (ScriptedImporter) -> (artifact id: 'da575a6eaa1e92b6d7fbb769607e00c1') in 0.0162005 seconds
Number of updated asset objects reloaded before import = 0Number of asset objects unloaded after import = 1

========================================================================
Received Import Request.
  Time since last request: 0.000019 seconds.
  path: Assets/SteamVR/Extras/SteamVR_LaserPointer.unity
  artifactKey: Guid(f2343db151bc3864e9088f8e4230cdc1) Importer(2089858483,192608db42251d675da83286b1cce702)
Start importing Assets/SteamVR/Extras/SteamVR_LaserPointer.unity using Guid(f2343db151bc3864e9088f8e4230cdc1) Importer(2089858483,192608db42251d675da83286b1cce702) (ScriptedImporter) -> (artifact id: '1b207343096e1d6851c014628be86542') in 0.014557 seconds
Number of updated asset objects reloaded before import = 0Number of asset objects unloaded after import = 1

========================================================================
Received Import Request.
  Time since last request: 0.000028 seconds.
  path: Assets/SteamVR/InteractionSystem/Samples/Prefabs/Buggy Controller.prefab
  artifactKey: Guid(d9803cc69067105488f4a78449f2aeec) Importer(2089858483,192608db42251d675da83286b1cce702)
Start importing Assets/SteamVR/InteractionSystem/Samples/Prefabs/Buggy Controller.prefab using Guid(d9803cc69067105488f4a78449f2aeec) Importer(2089858483,192608db42251d675da83286b1cce702) (ScriptedImporter) -> (artifact id: '845976d8f1d99d0623445219e5a29724') in 0.0674156 seconds
Number of updated asset objects reloaded before import = 0Number of asset objects unloaded after import = 87

========================================================================
Received Import Request.
  Time since last request: 0.000034 seconds.
  path: Assets/SteamVR/InteractionSystem/Core/Prefabs/Player.prefab
  artifactKey: Guid(dc06161b6d97feb419f45f03b62e14b9) Importer(2089858483,192608db42251d675da83286b1cce702)
Start importing Assets/SteamVR/InteractionSystem/Core/Prefabs/Player.prefab using Guid(dc06161b6d97feb419f45f03b62e14b9) Importer(2089858483,192608db42251d675da83286b1cce702) (ScriptedImporter) -> (artifact id: 'b4b24ae096834ad05610e75174c1aee3') in 0.060856 seconds
Number of updated asset objects reloaded before import = 0Number of asset objects unloaded after import = 465

========================================================================
Received Import Request.
  Time since last request: 0.000027 seconds.
  path: Assets/SteamVR/InteractionSystem/Samples/Models/floor far.mat
  artifactKey: Guid(f841239f1ca9b4941918db7c8d5ccb8c) Importer(2089858483,192608db42251d675da83286b1cce702)
Start importing Assets/SteamVR/InteractionSystem/Samples/Models/floor far.mat using Guid(f841239f1ca9b4941918db7c8d5ccb8c) Importer(2089858483,192608db42251d675da83286b1cce702) (ScriptedImporter) -> (artifact id: '5c8872a9179ba8cb11ced57ade1550f7') in 0.0193051 seconds
Number of updated asset objects reloaded before import = 0Number of asset objects unloaded after import = 4

========================================================================
Received Import Request.
  Time since last request: 0.000021 seconds.
  path: Assets/SteamVR/Extras/SteamVR_TestTrackedCamera.unity
  artifactKey: Guid(7fb811b0ffe615b4dbf1d5e6ced385fd) Importer(2089858483,192608db42251d675da83286b1cce702)
Start importing Assets/SteamVR/Extras/SteamVR_TestTrackedCamera.unity using Guid(7fb811b0ffe615b4dbf1d5e6ced385fd) Importer(2089858483,192608db42251d675da83286b1cce702) (ScriptedImporter) -> (artifact id: '54be3da24925450f64695b8071ac29aa') in 0.0145075 seconds
Number of updated asset objects reloaded before import = 0Number of asset objects unloaded after import = 1

========================================================================
Received Import Request.
  Time since last request: 0.000019 seconds.
  path: Assets/SteamVR/InteractionSystem/Samples/Models/Materials/unnamed.mat
  artifactKey: Guid(21caec5e9129c334db1cc10e5cb06a88) Importer(2089858483,192608db42251d675da83286b1cce702)
Start importing Assets/SteamVR/InteractionSystem/Samples/Models/Materials/unnamed.mat using Guid(21caec5e9129c334db1cc10e5cb06a88) Importer(2089858483,192608db42251d675da83286b1cce702) (ScriptedImporter) -> (artifact id: 'fefbbdf73d5ba752598ebf028afc08ed') in 0.0171575 seconds
Number of updated asset objects reloaded before import = 0Number of asset objects unloaded after import = 1

========================================================================
Received Import Request.
  Time since last request: 0.000038 seconds.
  path: Assets/SteamVR/InteractionSystem/Samples/Materials/ShinyWhiteObject.mat
  artifactKey: Guid(ae954e68e9b70844292f588d1397a7f7) Importer(2089858483,192608db42251d675da83286b1cce702)
Start importing Assets/SteamVR/InteractionSystem/Samples/Materials/ShinyWhiteObject.mat using Guid(ae954e68e9b70844292f588d1397a7f7) Importer(2089858483,192608db42251d675da83286b1cce702) (ScriptedImporter) -> (artifact id: '471c5824f37a18bb6b4f92bb44681762') in 0.0194426 seconds
Number of updated asset objects reloaded before import = 0Number of asset objects unloaded after import = 2

========================================================================
Received Import Request.
  Time since last request: 0.000021 seconds.
  path: Assets/SteamVR/Extras/SteamVR_ForceSteamVRMode.unity
  artifactKey: Guid(9b1775e13a163e146930422a18e54bfc) Importer(2089858483,192608db42251d675da83286b1cce702)
Start importing Assets/SteamVR/Extras/SteamVR_ForceSteamVRMode.unity using Guid(9b1775e13a163e146930422a18e54bfc) Importer(2089858483,192608db42251d675da83286b1cce702) (ScriptedImporter) -> (artifact id: '0a19c3f64638d85e538d7967d41098a2') in 0.0158707 seconds
Number of updated asset objects reloaded before import = 0Number of asset objects unloaded after import = 1

========================================================================
Received Import Request.
  Time since last request: 0.000020 seconds.
  path: Assets/SteamVR/InteractionSystem/Samples/Models/floor.mat
  artifactKey: Guid(b41d1116a101a84499296ce28d16e6b9) Importer(2089858483,192608db42251d675da83286b1cce702)
Start importing Assets/SteamVR/InteractionSystem/Samples/Models/floor.mat using Guid(b41d1116a101a84499296ce28d16e6b9) Importer(2089858483,192608db42251d675da83286b1cce702) (ScriptedImporter) -> (artifact id: '7c84532928d87e2759925b0dd69145ff') in 0.0211115 seconds
Number of updated asset objects reloaded before import = 0Number of asset objects unloaded after import = 4

========================================================================
Received Import Request.
  Time since last request: 0.000019 seconds.
  path: Assets/SteamVR/InteractionSystem/Samples/Materials/ShinyWhiteHighlighted.mat
  artifactKey: Guid(6729a932de5127b419aacfd9be7dde0d) Importer(2089858483,192608db42251d675da83286b1cce702)
Start importing Assets/SteamVR/InteractionSystem/Samples/Materials/ShinyWhiteHighlighted.mat using Guid(6729a932de5127b419aacfd9be7dde0d) Importer(2089858483,192608db42251d675da83286b1cce702) (ScriptedImporter) -> (artifact id: '82b899c020e3e981e755307c9f6e4e71') in 0.017468 seconds
Number of updated asset objects reloaded before import = 0Number of asset objects unloaded after import = 1

========================================================================
Received Import Request.
  Time since last request: 0.000024 seconds.
  path: Assets/SteamVR/InteractionSystem/SnapTurn/Materials/snapTurnArrow.mat
  artifactKey: Guid(0bbd832b13230de459422d3264b929c7) Importer(2089858483,192608db42251d675da83286b1cce702)
Start importing Assets/SteamVR/InteractionSystem/SnapTurn/Materials/snapTurnArrow.mat using Guid(0bbd832b13230de459422d3264b929c7) Importer(2089858483,192608db42251d675da83286b1cce702) (ScriptedImporter) -> (artifact id: 'f87e8cd583cd93c3b13a17e253b88fcd') in 0.0189716 seconds
Number of updated asset objects reloaded before import = 0Number of asset objects unloaded after import = 1

========================================================================
Received Import Request.
  Time since last request: 0.000037 seconds.
  path: Assets/SteamVR/InteractionSystem/Samples/Materials/ShinyWhiteHighlightedOld.mat
  artifactKey: Guid(c5a10ebcdfbfdfe4e94b37a089618ed5) Importer(2089858483,192608db42251d675da83286b1cce702)
Start importing Assets/SteamVR/InteractionSystem/Samples/Materials/ShinyWhiteHighlightedOld.mat using Guid(c5a10ebcdfbfdfe4e94b37a089618ed5) Importer(2089858483,192608db42251d675da83286b1cce702) (ScriptedImporter) -> (artifact id: '058e03d36debe9a0df0ecf57b432faa5') in 0.0182866 seconds
Number of updated asset objects reloaded before import = 0Number of asset objects unloaded after import = 2

========================================================================
Received Import Request.
  Time since last request: 0.000027 seconds.
  path: Assets/SteamVR/InteractionSystem/Longbow/Materials/LongbowString.mat
  artifactKey: Guid(40fa752affdc6cf45a47396764154085) Importer(2089858483,192608db42251d675da83286b1cce702)
Start importing Assets/SteamVR/InteractionSystem/Longbow/Materials/LongbowString.mat using Guid(40fa752affdc6cf45a47396764154085) Importer(2089858483,192608db42251d675da83286b1cce702) (ScriptedImporter) -> (artifact id: '00672a9ec5c0bf11ca6f997d08fae25f') in 0.0229149 seconds
Number of updated asset objects reloaded before import = 0Number of asset objects unloaded after import = 1

========================================================================
Received Import Request.
  Time since last request: 0.000028 seconds.
  path: Assets/SteamVR/Models/Materials/vr_glove_color.mat
  artifactKey: Guid(cbe636ca800df264c9fb91dc95fbd9e0) Importer(2089858483,192608db42251d675da83286b1cce702)
Start importing Assets/SteamVR/Models/Materials/vr_glove_color.mat using Guid(cbe636ca800df264c9fb91dc95fbd9e0) Importer(2089858483,192608db42251d675da83286b1cce702) (ScriptedImporter) -> (artifact id: '4af44b62bb24814124ed124d04bd4f1d') in 0.0240598 seconds
Number of updated asset objects reloaded before import = 0Number of asset objects unloaded after import = 3

========================================================================
Received Import Request.
  Time since last request: 0.000025 seconds.
  path: Assets/SteamVR/InteractionSystem/Samples/Materials/ShinyWhiteHighlightedHand.mat
  artifactKey: Guid(01e070cb2f8dde54b88866d7a3896d64) Importer(2089858483,192608db42251d675da83286b1cce702)
Start importing Assets/SteamVR/InteractionSystem/Samples/Materials/ShinyWhiteHighlightedHand.mat using Guid(01e070cb2f8dde54b88866d7a3896d64) Importer(2089858483,192608db42251d675da83286b1cce702) (ScriptedImporter) -> (artifact id: '6977cd92de4747bdc69316d9f6b98462') in 0.0196925 seconds
Number of updated asset objects reloaded before import = 0Number of asset objects unloaded after import = 2

========================================================================
Received Import Request.
  Time since last request: 0.000031 seconds.
  path: Assets/SteamVR/InteractionSystem/Samples/JoeJeff/Materials/PController.mat
  artifactKey: Guid(76f42063ac80e7e45aa27bebda813768) Importer(2089858483,192608db42251d675da83286b1cce702)
Start importing Assets/SteamVR/InteractionSystem/Samples/JoeJeff/Materials/PController.mat using Guid(76f42063ac80e7e45aa27bebda813768) Importer(2089858483,192608db42251d675da83286b1cce702) (ScriptedImporter) -> (artifact id: '2ae315b5fe351152944f99b8024d6bdf') in 0.026002 seconds
Number of updated asset objects reloaded before import = 0Number of asset objects unloaded after import = 5

========================================================================
Received Import Request.
  Time since last request: 0.000021 seconds.
  path: Assets/SteamVR/InteractionSystem/Longbow/Materials/TorchShaft.mat
  artifactKey: Guid(24e73955ba8338f41a24cd3aea0285a6) Importer(2089858483,192608db42251d675da83286b1cce702)
Start importing Assets/SteamVR/InteractionSystem/Longbow/Materials/TorchShaft.mat using Guid(24e73955ba8338f41a24cd3aea0285a6) Importer(2089858483,192608db42251d675da83286b1cce702) (ScriptedImporter) -> (artifact id: 'd62a14b792f8336a12791a23264f8408') in 0.0184735 seconds
Number of updated asset objects reloaded before import = 0Number of asset objects unloaded after import = 1

========================================================================
Received Import Request.
  Time since last request: 0.000021 seconds.
  path: Assets/SteamVR/Extras/SteamVR_ShowTrackingReferences.unity
  artifactKey: Guid(73743b10c3912094a8a17bc7ac370c15) Importer(2089858483,192608db42251d675da83286b1cce702)
Start importing Assets/SteamVR/Extras/SteamVR_ShowTrackingReferences.unity using Guid(73743b10c3912094a8a17bc7ac370c15) Importer(2089858483,192608db42251d675da83286b1cce702) (ScriptedImporter) -> (artifact id: '3bc112f5de8e305b8a6e9ce8502038da') in 0.0158615 seconds
Number of updated asset objects reloaded before import = 0Number of asset objects unloaded after import = 1

========================================================================
Received Import Request.
  Time since last request: 0.000021 seconds.
  path: Assets/SteamVR/InteractionSystem/Hints/Materials/ControllerTextHintAnchor.mat
  artifactKey: Guid(7f08f06256ab27b4cb9eb0b41831a69f) Importer(2089858483,192608db42251d675da83286b1cce702)
Start importing Assets/SteamVR/InteractionSystem/Hints/Materials/ControllerTextHintAnchor.mat using Guid(7f08f06256ab27b4cb9eb0b41831a69f) Importer(2089858483,192608db42251d675da83286b1cce702) (ScriptedImporter) -> (artifact id: '37a58923ea56cd722cbedc863d3f0df3') in 0.0162555 seconds
Number of updated asset objects reloaded before import = 0Number of asset objects unloaded after import = 1

========================================================================
Received Import Request.
  Time since last request: 0.000020 seconds.
  path: Assets/SteamVR/InteractionSystem/Samples/BuggyBuddy/Materials/unnamed.mat
  artifactKey: Guid(14ed578262aab0047a2bf66c3949d2eb) Importer(2089858483,192608db42251d675da83286b1cce702)
Start importing Assets/SteamVR/InteractionSystem/Samples/BuggyBuddy/Materials/unnamed.mat using Guid(14ed578262aab0047a2bf66c3949d2eb) Importer(2089858483,192608db42251d675da83286b1cce702) (ScriptedImporter) -> (artifact id: '0e4351e0135d4ad71339d71e46152c59') in 0.0160611 seconds
Number of updated asset objects reloaded before import = 0Number of asset objects unloaded after import = 1

========================================================================
Received Prepare
Begin MonoManager ReloadAssembly
- Loaded All Assemblies, in  1.142 seconds
'Packages/com.unity.xr.openxr/Runtime/OpenXRLoader.cs' contains partial class of Unity.Object, exactly 1 of the partial classes needs to be in a file with the same filename. This is to know the one that can be referenced from ie. GameObjects
'Packages/com.unity.xr.openxr/Runtime/OpenXRLoaderInternal.cs' contains partial class of Unity.Object, exactly 1 of the partial classes needs to be in a file with the same filename. This is to know the one that can be referenced from ie. GameObjects
Refreshing native plugins compatible for Editor in 12.94 ms, found 12 plugins.
Native extension for WindowsStandalone target not found
[Package Manager] Failed to launch server process. Reason: Unity was launched with the -noUpm command-line argument
[Package Manager] Unable to send message (not connected to server process).
[Package Manager] Cannot connect to Unity Package Manager local server
Mono: successfully reloaded assembly
[Package Manager] Failed to launch server process. Reason: Unity was launched with the -noUpm command-line argument
[Package Manager] Unable to send message (not connected to server process).
[Package Manager] Cannot connect to Unity Package Manager local server
- Finished resetting the current domain, in  1.147 seconds
Domain Reload Profiling: 2282ms
	BeginReloadAssembly (338ms)
		ExecutionOrderSort (0ms)
		DisableScriptedObjects (9ms)
		BackupInstance (0ms)
		ReleaseScriptingObjects (0ms)
		CreateAndSetChildDomain (116ms)
	RebuildCommonClasses (54ms)
	RebuildNativeTypeToScriptingClass (19ms)
	initialDomainReloadingComplete (39ms)
	LoadAllAssembliesAndSetupDomain (685ms)
		LoadAssemblies (551ms)
		RebuildTransferFunctionScriptingTraits (0ms)
		AnalyzeDomain (280ms)
			TypeCache.Refresh (11ms)
				TypeCache.ScanAssembly (0ms)
			BuildScriptInfoCaches (242ms)
			ResolveRequiredComponents (24ms)
	FinalizeReload (1147ms)
		ReleaseScriptCaches (0ms)
		RebuildScriptCaches (0ms)
		SetupLoadedEditorAssemblies (867ms)
			LogAssemblyErrors (0ms)
			InitializePlatformSupportModulesInManaged (3ms)
			SetLoadedEditorAssemblies (5ms)
			BeforeProcessingInitializeOnLoad (211ms)
			ProcessInitializeOnLoadAttributes (491ms)
			ProcessInitializeOnLoadMethodAttributes (147ms)
			AfterProcessingInitializeOnLoad (10ms)
			EditorAssembliesLoaded (0ms)
		ExecutionOrderSort2 (0ms)
		AwakeInstancesAfterBackupRestoration (17ms)
Refreshing native plugins compatible for Editor in 20.56 ms, found 12 plugins.
Preloading 0 native plugins for Editor in 0.00 ms.
Unloading 44 Unused Serialized files (Serialized files now loaded: 0)
Unloading 6578 unused Assets / (6.7 MB). Loaded Objects now: 7265.
Memory consumption went from 149.4 MB to 142.7 MB.
Total: 18.951300 ms (FindLiveObjects: 1.268500 ms CreateObjectMapping: 1.603000 ms MarkObjects: 9.510800 ms  DeleteObjects: 6.565000 ms)

Prepare: number of updated asset objects reloaded= 0
Editor requested this worker to shutdown with reason: Scaling down because of idle timeout
AssetImportWorker is now disconnected from the server
Process exiting
Exiting without the bug reporter. Application will terminate with return code 0